#
# There is insufficient memory for the Java Runtime Environment to continue.
# Native memory allocation (malloc) failed to allocate 32744 bytes for ChunkPool::allocate
# Possible reasons:
#   The system is out of physical RAM or swap space
#   The process is running with CompressedOops enabled, and the Java Heap may be blocking the growth of the native heap
# Possible solutions:
#   Reduce memory load on the system
#   Increase physical memory or swap space
#   Check if swap backing store is full
#   Decrease Java heap size (-Xmx/-Xms)
#   Decrease number of Java threads
#   Decrease Java thread stack sizes (-Xss)
#   Set larger code cache with -XX:ReservedCodeCacheSize=
#   JVM is running with Zero Based Compressed Oops mode in which the Java heap is
#     placed in the first 32GB address space. The Java Heap base address is the
#     maximum limit for the native heap growth. Please use -XX:HeapBaseMinAddress
#     to set the Java Heap base and to place the Java Heap above 32GB virtual address.
# This output file may be truncated or incomplete.
#
#  Out of Memory Error (./open/src/hotspot/share/memory/arena.cpp:79), pid=53868, tid=60384
#
# JRE version: OpenJDK Runtime Environment (14.0.2+12) (build 14.0.2+12-46)
# Java VM: OpenJDK 64-Bit Server VM (14.0.2+12-46, mixed mode, tiered, compressed oops, g1 gc, windows-amd64)
# No core dump will be written. Minidumps are not enabled by default on client versions of Windows
#

---------------  S U M M A R Y ------------

Command Line: -Dcom.sun.management.jmxremote -Dcom.sun.management.jmxremote.port=52032 -Dcom.sun.management.jmxremote.authenticate=false -Dcom.sun.management.jmxremote.ssl=false -Djava.rmi.server.hostname=localhost -Dspring.jmx.enabled=true -Dspring.application.admin.enabled=true -Xverify:none -XX:TieredStopAtLevel=1 -Dspring.boot.project.name=magicmonitor -Dfile.encoding=UTF-8 -XX:+ShowCodeDetailsInExceptionMessages com.magicsoftware.monitor.MagicmonitorApplication --spring.output.ansi.enabled=always

Host: Intel(R) Xeon(R) Gold 5120 CPU @ 2.20GHz, 4 cores, 11G,  Windows 10 , 64 bit Build 19041 (10.0.19041.804)
Time: Sat Mar  6 06:17:51 2021 India Standard Time elapsed time: 157309 seconds (1d 19h 41m 49s)

---------------  T H R E A D  ---------------

Current thread (0x00000223f2a44800):  VMThread "VM Thread" [stack: 0x00000045e1d00000,0x00000045e1e00000] [id=60384] _threads_hazard_ptr=0x00000223f8e6ee20

Stack: [0x00000045e1d00000,0x00000045e1e00000]
[error occurred during error reporting (printing stack bounds), id 0xc0000005, EXCEPTION_ACCESS_VIOLATION (0xc0000005) at pc=0x00000223d93210ad]

Native frames: (J=compiled Java code, j=interpreted, Vv=VM code, C=native code)
V  [jvm.dll+0x5f8a9a]
V  [jvm.dll+0x74247a]
V  [jvm.dll+0x743c2f]
V  [jvm.dll+0x7441d5]
V  [jvm.dll+0x74418b]
V  [jvm.dll+0x5f7f6f]
V  [jvm.dll+0x5f8738]
C  [ntdll.dll+0xa197f]
C  [ntdll.dll+0x4b754]
C  [ntdll.dll+0xa04ae]
C  0x00000223d93210ad

VM_Operation (0x00000045ecdfe740): BulkRevokeBias, mode: safepoint, requested by thread 0x00000223f8969000


---------------  P R O C E S S  ---------------

Threads class SMR info:
_java_thread_list=0x00000223f8e6ee20, length=173, elements={
0x00000223f2a5a800, 0x00000223f2a5b800, 0x00000223f2a88800, 0x00000223f2a8a800,
0x00000223f2a8e000, 0x00000223f2a91000, 0x00000223f2ac4800, 0x00000223f21de800,
0x00000223f2cf4000, 0x00000223f3c48000, 0x00000223f3c63800, 0x00000223f3c83800,
0x00000223f3d93000, 0x00000223f3d96000, 0x00000223f4a06000, 0x00000223f4a07800,
0x00000223f896a800, 0x00000223f896e000, 0x00000223f8968000, 0x00000223f8c13000,
0x00000223f8c13800, 0x00000223f8c17000, 0x00000223f8c17800, 0x00000223f8c15000,
0x00000223f8c12000, 0x00000223f8c18800, 0x00000223f8c14800, 0x00000223f8c1a000,
0x00000223f8c11000, 0x00000223f8c1f000, 0x00000223f8c1c800, 0x00000223f8c1d800,
0x00000223f8967800, 0x00000223f9e85000, 0x00000223f9e8a800, 0x00000223f9e87800,
0x00000223f9e8b800, 0x00000223f9e88000, 0x00000223f9e89000, 0x00000223f9e8c800,
0x00000223f9e86800, 0x00000223f9e8d000, 0x00000223f9e8f800, 0x00000223f9e8a000,
0x00000223f9e91000, 0x00000223f9e8e000, 0x00000223f9e93000, 0x00000223f9e93800,
0x00000223f8d8a800, 0x00000223f8d8d800, 0x00000223f8d91000, 0x00000223f8d8f000,
0x00000223f4a05000, 0x00000223f9568000, 0x00000223f9569800, 0x00000223f9567800,
0x00000223f9572800, 0x00000223f956d000, 0x00000223f9573800, 0x00000223f9574800,
0x00000223f8d8e800, 0x00000223f8d8b000, 0x00000223f8d8c000, 0x00000223f8d92800,
0x00000223f8d95000, 0x00000223f896c000, 0x00000223f8969800, 0x00000223f956e000,
0x00000223f9570000, 0x00000223f956b800, 0x00000223f956c000, 0x00000223f956f800,
0x00000223f956a800, 0x00000223f9571000, 0x00000223f4a09000, 0x00000223f4a0a000,
0x00000223fa2f5000, 0x00000223fa2fb000, 0x00000223fa2fd800, 0x00000223fa2fc000,
0x00000223fa2fc800, 0x00000223fa300000, 0x00000223fa2ff000, 0x00000223f8d99000,
0x00000223f8c1c000, 0x00000223f8c1b000, 0x00000223f8c16000, 0x00000223f8c1e000,
0x00000223f8c19800, 0x00000223f8d95800, 0x00000223f896b800, 0x00000223f9e92000,
0x00000223fa816000, 0x00000223fa818800, 0x00000223fa816800, 0x00000223fa811000,
0x00000223fa81d000, 0x00000223fa81b800, 0x00000223fa81a800, 0x00000223fa81a000,
0x00000223fa2f3000, 0x00000223fa2f4800, 0x00000223fa862800, 0x00000223fa866800,
0x00000223fa865000, 0x00000223fa867800, 0x00000223fa866000, 0x00000223fa86e000,
0x00000223fa86b800, 0x00000223fa86a000, 0x00000223fa86c800, 0x00000223fa868800,
0x00000223fa870800, 0x00000223fa86f000, 0x00000223fa80f800, 0x00000223fa811800,
0x00000223fa810000, 0x00000223fa812800, 0x00000223fa813800, 0x00000223fa81c800,
0x00000223fa2f6000, 0x00000223fa2fa000, 0x00000223fa2f7000, 0x00000223f9566800,
0x00000223f9e90800, 0x00000223f4a04000, 0x00000223fa8e3000, 0x00000223fa8dd800,
0x00000223fa8e2800, 0x00000223fa8e4000, 0x00000223fa8de800, 0x00000223fa8e5000,
0x00000223fa8df000, 0x00000223fa8e0000, 0x00000223fa8e5800, 0x00000223fa8e0800,
0x00000223fa8e7000, 0x00000223fa8e1800, 0x00000223fa8e8000, 0x00000223fa8e9000,
0x00000223fa8eb800, 0x00000223fa8ea800, 0x00000223fa8ec000, 0x00000223fa8e9800,
0x00000223f8d8d000, 0x00000223f8d90000, 0x00000223f8d94000, 0x00000223f8d93800,
0x00000223f8d96800, 0x00000223f8d91800, 0x00000223f8d98000, 0x00000223fa2f2000,
0x00000223fa2fe000, 0x00000223fa869000, 0x00000223fa863800, 0x00000223fa864000,
0x00000223fa86f800, 0x00000223fa86b000, 0x00000223fa86d000, 0x00000223fa814000,
0x00000223fa80e800, 0x00000223fa817800, 0x00000223fa815000, 0x00000223fa819000,
0x00000223fa2f7800, 0x00000223fa2f8800, 0x00000223fa2f9800, 0x00000223fa2f3800,
0x00000223fa300800, 0x00000223f4a03800, 0x00000223f4a08800, 0x00000223f4a06800,
0x00000223f8969000
}

Java Threads: ( => current thread )
  0x00000223f2a5a800 JavaThread "Reference Handler" daemon [_thread_blocked, id=60156, stack(0x00000045e1e00000,0x00000045e1f00000)]
  0x00000223f2a5b800 JavaThread "Finalizer" daemon [_thread_blocked, id=59796, stack(0x00000045e1f00000,0x00000045e2000000)]
  0x00000223f2a88800 JavaThread "Signal Dispatcher" daemon [_thread_blocked, id=60124, stack(0x00000045e2000000,0x00000045e2100000)]
  0x00000223f2a8a800 JavaThread "Attach Listener" daemon [_thread_blocked, id=57164, stack(0x00000045e2100000,0x00000045e2200000)]
  0x00000223f2a8e000 JavaThread "Service Thread" daemon [_thread_blocked, id=59420, stack(0x00000045e2200000,0x00000045e2300000)]
  0x00000223f2a91000 JavaThread "C1 CompilerThread0" daemon [_thread_blocked, id=56568, stack(0x00000045e2300000,0x00000045e2400000)]
  0x00000223f2ac4800 JavaThread "Sweeper thread" daemon [_thread_blocked, id=42688, stack(0x00000045e2400000,0x00000045e2500000)]
  0x00000223f21de800 JavaThread "Common-Cleaner" daemon [_thread_blocked, id=59972, stack(0x00000045e2500000,0x00000045e2600000)]
  0x00000223f2cf4000 JavaThread "Notification Thread" daemon [_thread_blocked, id=53188, stack(0x00000045e2600000,0x00000045e2700000)]
  0x00000223f3c48000 JavaThread "RMI TCP Accept-0" daemon [_thread_in_native, id=54772, stack(0x00000045e2b00000,0x00000045e2c00000)]
  0x00000223f3c63800 JavaThread "RMI TCP Accept-52032" daemon [_thread_in_native, id=49132, stack(0x00000045e2c00000,0x00000045e2d00000)]
  0x00000223f3c83800 JavaThread "RMI TCP Accept-0" daemon [_thread_in_native, id=56488, stack(0x00000045e2d00000,0x00000045e2e00000)]
  0x00000223f3d93000 JavaThread "RMI Scheduler(0)" daemon [_thread_blocked, id=60192, stack(0x00000045e3000000,0x00000045e3100000)]
  0x00000223f3d96000 JavaThread "RMI TCP Connection(idle)" daemon [_thread_blocked, id=60340, stack(0x00000045e3100000,0x00000045e3200000)]
  0x00000223f4a06000 JavaThread "JMX server connection timeout 25" daemon [_thread_blocked, id=61308, stack(0x00000045e3400000,0x00000045e3500000)]
  0x00000223f4a07800 JavaThread "mysql-cj-abandoned-connection-cleanup" daemon [_thread_blocked, id=13160, stack(0x00000045e3900000,0x00000045e3a00000)]
  0x00000223f896a800 JavaThread "Timer-0" [_thread_blocked, id=62420, stack(0x00000045e3e00000,0x00000045e3f00000)]
  0x00000223f896e000 JavaThread "GS-ClassLoaderCache-SelfCleaningTable$Cleaner" daemon [_thread_blocked, id=62288, stack(0x00000045e4900000,0x00000045e4a00000)]
  0x00000223f8968000 JavaThread "GS-LRMI-Connection-pool-1-thread-1" daemon [_thread_blocked, id=62156, stack(0x00000045e4a00000,0x00000045e4b00000)]
  0x00000223f8c13000 JavaThread "GS-LRMI-Liveness-pool-2-thread-1" daemon [_thread_blocked, id=61736, stack(0x00000045e4b00000,0x00000045e4c00000)]
  0x00000223f8c13800 JavaThread "GS-LRMI-Monitoring-pool-3-thread-1" daemon [_thread_blocked, id=60748, stack(0x00000045e4c00000,0x00000045e4d00000)]
  0x00000223f8c17000 JavaThread "GS-LRMI-Custom-pool-4-thread-1" daemon [_thread_blocked, id=59592, stack(0x00000045e4d00000,0x00000045e4e00000)]
  0x00000223f8c17800 JavaThread "GS-LRMI-async-Selector-Thread-0" daemon [_thread_in_native, id=61272, stack(0x00000045e4f00000,0x00000045e5000000)]
  0x00000223f8c15000 JavaThread "GS-LRMI-async-Selector-Thread-1" daemon [_thread_in_native, id=59044, stack(0x00000045e5000000,0x00000045e5100000)]
  0x00000223f8c12000 JavaThread "GS-LRMI-async-Selector-Thread-2" daemon [_thread_in_native, id=61704, stack(0x00000045e5100000,0x00000045e5200000)]
  0x00000223f8c18800 JavaThread "GS-LRMI-async-Selector-Thread-3" daemon [_thread_in_native, id=53472, stack(0x00000045e5200000,0x00000045e5300000)]
  0x00000223f8c14800 JavaThread "GS-LRMI-async-client-connection-Thread-" daemon [_thread_in_native, id=57772, stack(0x00000045e5300000,0x00000045e5400000)]
  0x00000223f8c1a000 JavaThread "GS-Watchdog" daemon [_thread_blocked, id=60580, stack(0x00000045e5400000,0x00000045e5500000)]
  0x00000223f8c11000 JavaThread "GS-settleThread" [_thread_blocked, id=57252, stack(0x00000045e4800000,0x00000045e4900000)]
  0x00000223f8c1f000 JavaThread "GS-MAGIC_SPACE-router-threadpool" daemon [_thread_blocked, id=44208, stack(0x00000045e4e00000,0x00000045e4f00000)]
  0x00000223f8c1c800 JavaThread "GS-multicast-discovery-announcement-listener" daemon [_thread_in_native, id=62200, stack(0x00000045e5800000,0x00000045e5900000)]
  0x00000223f8c1d800 JavaThread "GS-multicast-announcement-timer" daemon [_thread_blocked, id=19324, stack(0x00000045e5900000,0x00000045e5a00000)]
  0x00000223f8967800 JavaThread "GS-admin-scheduled-executor-thread" [_thread_blocked, id=62088, stack(0x00000045e5d00000,0x00000045e5e00000)]
  0x00000223f9e85000 JavaThread "GS-admin-scheduled-executor-thread" [_thread_blocked, id=60200, stack(0x00000045e5e00000,0x00000045e5f00000)]
  0x00000223f9e8a800 JavaThread "Thread-9" daemon [_thread_blocked, id=60808, stack(0x00000045e5f00000,0x00000045e6000000)]
  0x00000223f9e87800 JavaThread "GS-admin-scheduled-executor-thread" [_thread_blocked, id=61496, stack(0x00000045e6000000,0x00000045e6100000)]
  0x00000223f9e8b800 JavaThread "GS-admin-scheduled-executor-thread" [_thread_blocked, id=59608, stack(0x00000045e6100000,0x00000045e6200000)]
  0x00000223f9e88000 JavaThread "GS-LRMI-Selector-Read-Thread-0" daemon [_thread_in_native, id=61388, stack(0x00000045e5b00000,0x00000045e5c00000)]
  0x00000223f9e89000 JavaThread "GS-LRMI-Selector-Write-Thread-0" daemon [_thread_in_native, id=52744, stack(0x00000045e5c00000,0x00000045e5d00000)]
  0x00000223f9e8c800 JavaThread "GS-LRMI-Selector-Read-Thread-1" daemon [_thread_in_native, id=62444, stack(0x00000045e6300000,0x00000045e6400000)]
  0x00000223f9e86800 JavaThread "GS-LRMI-Selector-Write-Thread-1" daemon [_thread_in_native, id=60800, stack(0x00000045e6400000,0x00000045e6500000)]
  0x00000223f9e8d000 JavaThread "GS-LRMI-Selector-Read-Thread-2" daemon [_thread_in_native, id=61576, stack(0x00000045e6500000,0x00000045e6600000)]
  0x00000223f9e8f800 JavaThread "GS-LRMI-Selector-Write-Thread-2" daemon [_thread_in_native, id=60012, stack(0x00000045e6600000,0x00000045e6700000)]
  0x00000223f9e8a000 JavaThread "GS-LRMI-Selector-Read-Thread-3" daemon [_thread_in_native, id=60224, stack(0x00000045e6700000,0x00000045e6800000)]
  0x00000223f9e91000 JavaThread "GS-LRMI-Selector-Write-Thread-3" daemon [_thread_in_native, id=60612, stack(0x00000045e6800000,0x00000045e6900000)]
  0x00000223f9e8e000 JavaThread "GS-LRMI-Selector-Accept-Thread-0" daemon [_thread_in_native, id=60836, stack(0x00000045e6900000,0x00000045e6a00000)]
  0x00000223f9e93000 JavaThread "GS-LeaseRenewalManager Task" daemon [_thread_blocked, id=48768, stack(0x00000045e6a00000,0x00000045e6b00000)]
  0x00000223f9e93800 JavaThread "GS-SDM Cache Task" daemon [_thread_blocked, id=62336, stack(0x00000045e6b00000,0x00000045e6c00000)]
  0x00000223f8d8a800 JavaThread "GS-SDM Cache Task" daemon [_thread_blocked, id=62404, stack(0x00000045e7100000,0x00000045e7200000)]
  0x00000223f8d8d800 JavaThread "GS-SDM Cache Task" daemon [_thread_blocked, id=58028, stack(0x00000045e7200000,0x00000045e7300000)]
  0x00000223f8d91000 JavaThread "GS-admin-scheduled-executor-thread" [_thread_blocked, id=61216, stack(0x00000045e7300000,0x00000045e7400000)]
  0x00000223f8d8f000 JavaThread "Live Reload Server" daemon [_thread_in_native, id=61836, stack(0x00000045e7500000,0x00000045e7600000)]
  0x00000223f4a05000 JavaThread "DestroyJavaVM" [_thread_blocked, id=4952, stack(0x00000045e1700000,0x00000045e1800000)]
  0x00000223f9568000 JavaThread "GS-LeaseRenewalManager Task" daemon [_thread_blocked, id=59932, stack(0x00000045e3200000,0x00000045e3300000)]
  0x00000223f9569800 JavaThread "GS-settleThread" daemon [_thread_blocked, id=65336, stack(0x00000045e1500000,0x00000045e1600000)]
  0x00000223f9567800 JavaThread "GS-LRMI-Connection-pool-1-thread-2" daemon [_thread_blocked, id=26828, stack(0x00000045e2f00000,0x00000045e3000000)]
  0x00000223f9572800 JavaThread "GS-admin-scheduled-executor-thread" [_thread_blocked, id=28496, stack(0x00000045e4000000,0x00000045e4100000)]
  0x00000223f956d000 JavaThread "GS-SDM Cache Task" daemon [_thread_blocked, id=42104, stack(0x00000045e4100000,0x00000045e4200000)]
  0x00000223f9573800 JavaThread "GS-admin-scheduled-executor-thread" [_thread_blocked, id=45224, stack(0x00000045e4200000,0x00000045e4300000)]
  0x00000223f9574800 JavaThread "GS-admin-scheduled-executor-thread" [_thread_blocked, id=49716, stack(0x00000045e4300000,0x00000045e4400000)]
  0x00000223f8d8e800 JavaThread "GS-admin-scheduled-executor-thread" [_thread_blocked, id=46620, stack(0x00000045e4400000,0x00000045e4500000)]
  0x00000223f8d8b000 JavaThread "GS-SDM Cache Task" daemon [_thread_blocked, id=49860, stack(0x00000045e4700000,0x00000045e4800000)]
  0x00000223f8d8c000 JavaThread "GS-SDM Cache Task" daemon [_thread_blocked, id=45784, stack(0x00000045e5a00000,0x00000045e5b00000)]
  0x00000223f8d92800 JavaThread "GS-SDM Cache Task" daemon [_thread_blocked, id=44768, stack(0x00000045e6200000,0x00000045e6300000)]
  0x00000223f8d95000 JavaThread "GS-admin-scheduled-executor-thread" [_thread_blocked, id=48132, stack(0x00000045e7400000,0x00000045e7500000)]
  0x00000223f896c000 JavaThread "GS-settleThread" daemon [_thread_blocked, id=55580, stack(0x00000045e3f00000,0x00000045e4000000)]
  0x00000223f8969800 JavaThread "GS-LRMI-Connection-pool-1-thread-3" daemon [_thread_blocked, id=64624, stack(0x00000045e5700000,0x00000045e5800000)]
  0x00000223f956e000 JavaThread "GS-admin-scheduled-executor-thread" [_thread_blocked, id=49948, stack(0x00000045e4500000,0x00000045e4600000)]
  0x00000223f9570000 JavaThread "GS-SDM Cache Task" daemon [_thread_blocked, id=82680, stack(0x00000045e4600000,0x00000045e4700000)]
  0x00000223f956b800 JavaThread "GS-admin-scheduled-executor-thread" [_thread_blocked, id=24700, stack(0x00000045e5500000,0x00000045e5600000)]
  0x00000223f956c000 JavaThread "GS-admin-scheduled-executor-thread" [_thread_blocked, id=69388, stack(0x00000045e6d00000,0x00000045e6e00000)]
  0x00000223f956f800 JavaThread "GS-admin-scheduled-executor-thread" [_thread_blocked, id=73136, stack(0x00000045e6e00000,0x00000045e6f00000)]
  0x00000223f956a800 JavaThread "GS-SDM Cache Task" daemon [_thread_blocked, id=77416, stack(0x00000045e7700000,0x00000045e7800000)]
  0x00000223f9571000 JavaThread "GS-SDM Cache Task" daemon [_thread_blocked, id=77500, stack(0x00000045e7800000,0x00000045e7900000)]
  0x00000223f4a09000 JavaThread "GS-SDM Cache Task" daemon [_thread_blocked, id=76960, stack(0x00000045e7d00000,0x00000045e7e00000)]
  0x00000223f4a0a000 JavaThread "GS-admin-scheduled-executor-thread" [_thread_blocked, id=76888, stack(0x00000045e7e00000,0x00000045e7f00000)]
  0x00000223fa2f5000 JavaThread "GS-admin-scheduled-executor-thread" [_thread_blocked, id=68896, stack(0x00000045e7f00000,0x00000045e8000000)]
  0x00000223fa2fb000 JavaThread "GS-SDM Cache Task" daemon [_thread_blocked, id=45748, stack(0x00000045e8000000,0x00000045e8100000)]
  0x00000223fa2fd800 JavaThread "GS-admin-scheduled-executor-thread" [_thread_blocked, id=79084, stack(0x00000045e8100000,0x00000045e8200000)]
  0x00000223fa2fc000 JavaThread "GS-admin-scheduled-executor-thread" [_thread_blocked, id=79980, stack(0x00000045e8200000,0x00000045e8300000)]
  0x00000223fa2fc800 JavaThread "GS-admin-scheduled-executor-thread" [_thread_blocked, id=76720, stack(0x00000045e8300000,0x00000045e8400000)]
  0x00000223fa300000 JavaThread "GS-SDM Cache Task" daemon [_thread_blocked, id=59732, stack(0x00000045e8600000,0x00000045e8700000)]
  0x00000223fa2ff000 JavaThread "GS-SDM Cache Task" daemon [_thread_blocked, id=4480, stack(0x00000045e8800000,0x00000045e8900000)]
  0x00000223f8d99000 JavaThread "GS-admin-scheduled-executor-thread" [_thread_blocked, id=77820, stack(0x00000045e8c00000,0x00000045e8d00000)]
  0x00000223f8c1c000 JavaThread "GS-admin-scheduled-executor-thread" [_thread_blocked, id=75852, stack(0x00000045e8f00000,0x00000045e9000000)]
  0x00000223f8c1b000 JavaThread "GS-SDM Cache Task" daemon [_thread_blocked, id=75920, stack(0x00000045e9000000,0x00000045e9100000)]
  0x00000223f8c16000 JavaThread "GS-admin-scheduled-executor-thread" [_thread_blocked, id=80676, stack(0x00000045e9100000,0x00000045e9200000)]
  0x00000223f8c1e000 JavaThread "GS-admin-scheduled-executor-thread" [_thread_blocked, id=75224, stack(0x00000045e9200000,0x00000045e9300000)]
  0x00000223f8c19800 JavaThread "GS-admin-scheduled-executor-thread" [_thread_blocked, id=75064, stack(0x00000045e9300000,0x00000045e9400000)]
  0x00000223f8d95800 JavaThread "GS-SDM Cache Task" daemon [_thread_blocked, id=76488, stack(0x00000045e9600000,0x00000045e9700000)]
  0x00000223f896b800 JavaThread "GS-SDM Cache Task" daemon [_thread_blocked, id=77912, stack(0x00000045e9900000,0x00000045e9a00000)]
  0x00000223f9e92000 JavaThread "GS-admin-scheduled-executor-thread" [_thread_blocked, id=80476, stack(0x00000045e9c00000,0x00000045e9d00000)]
  0x00000223fa816000 JavaThread "GS-LRMI-Connection-pool-1-thread-4" daemon [_thread_blocked, id=17028, stack(0x00000045e1600000,0x00000045e1700000)]
  0x00000223fa818800 JavaThread "GS-LRMI-Connection-pool-1-thread-5" daemon [_thread_blocked, id=10852, stack(0x00000045e3700000,0x00000045e3800000)]
  0x00000223fa816800 JavaThread "GS-admin-scheduled-executor-thread" [_thread_blocked, id=6844, stack(0x00000045e9f00000,0x00000045ea000000)]
  0x00000223fa811000 JavaThread "GS-SDM Cache Task" daemon [_thread_blocked, id=79876, stack(0x00000045ea000000,0x00000045ea100000)]
  0x00000223fa81d000 JavaThread "GS-admin-scheduled-executor-thread" [_thread_blocked, id=79812, stack(0x00000045ea100000,0x00000045ea200000)]
  0x00000223fa81b800 JavaThread "GS-admin-scheduled-executor-thread" [_thread_blocked, id=74972, stack(0x00000045ea200000,0x00000045ea300000)]
  0x00000223fa81a800 JavaThread "GS-admin-scheduled-executor-thread" [_thread_blocked, id=48028, stack(0x00000045ea300000,0x00000045ea400000)]
  0x00000223fa81a000 JavaThread "GS-SDM Cache Task" daemon [_thread_blocked, id=9808, stack(0x00000045ea400000,0x00000045ea500000)]
  0x00000223fa2f3000 JavaThread "GS-SDM Cache Task" daemon [_thread_blocked, id=78076, stack(0x00000045ea900000,0x00000045eaa00000)]
  0x00000223fa2f4800 JavaThread "GS-admin-scheduled-executor-thread" [_thread_blocked, id=83528, stack(0x00000045eac00000,0x00000045ead00000)]
  0x00000223fa862800 JavaThread "Catalina-utility-1" [_thread_blocked, id=74812, stack(0x00000045e3600000,0x00000045e3700000)]
  0x00000223fa866800 JavaThread "Catalina-utility-2" [_thread_blocked, id=83724, stack(0x00000045e3b00000,0x00000045e3c00000)]
  0x00000223fa865000 JavaThread "container-0" [_thread_blocked, id=14156, stack(0x00000045e3d00000,0x00000045e3e00000)]
  0x00000223fa867800 JavaThread "Atomikos:1" daemon [_thread_blocked, id=77384, stack(0x00000045e8d00000,0x00000045e8e00000)]
  0x00000223fa866000 JavaThread "HikariPool-7 housekeeper" daemon [_thread_blocked, id=19064, stack(0x00000045e9d00000,0x00000045e9e00000)]
  0x00000223fa86e000 JavaThread "GS-admin-scheduled-executor-thread" [_thread_blocked, id=7848, stack(0x00000045ead00000,0x00000045eae00000)]
  0x00000223fa86b800 JavaThread "GS-admin-scheduled-executor-thread" [_thread_blocked, id=56080, stack(0x00000045eaf00000,0x00000045eb000000)]
  0x00000223fa86a000 JavaThread "GS-admin-scheduled-executor-thread" [_thread_blocked, id=11308, stack(0x00000045eb000000,0x00000045eb100000)]
  0x00000223fa86c800 JavaThread "GS-admin-scheduled-executor-thread" [_thread_blocked, id=50904, stack(0x00000045eb100000,0x00000045eb200000)]
  0x00000223fa868800 JavaThread "GS-SDM Cache Task" daemon [_thread_blocked, id=58396, stack(0x00000045eb200000,0x00000045eb300000)]
  0x00000223fa870800 JavaThread "GS-SDM Cache Task" daemon [_thread_blocked, id=74568, stack(0x00000045eb300000,0x00000045eb400000)]
  0x00000223fa86f000 JavaThread "GS-SDM Cache Task" daemon [_thread_blocked, id=15652, stack(0x00000045eb400000,0x00000045eb500000)]
  0x00000223fa80f800 JavaThread "GS-admin-scheduled-executor-thread" [_thread_blocked, id=87008, stack(0x00000045eba00000,0x00000045ebb00000)]
  0x00000223fa811800 JavaThread "File Watcher" daemon [_thread_blocked, id=85852, stack(0x00000045ebb00000,0x00000045ebc00000)]
  0x00000223fa810000 JavaThread "scheduling-1" [_thread_blocked, id=44956, stack(0x00000045ebc00000,0x00000045ebd00000)]
  0x00000223fa812800 JavaThread "http-nio-8090-BlockPoller" daemon [_thread_in_native, id=56840, stack(0x00000045ebd00000,0x00000045ebe00000)]
  0x00000223fa813800 JavaThread "http-nio-8090-exec-1" daemon [_thread_blocked, id=81296, stack(0x00000045ebe00000,0x00000045ebf00000)]
  0x00000223fa81c800 JavaThread "http-nio-8090-exec-2" daemon [_thread_blocked, id=84088, stack(0x00000045ebf00000,0x00000045ec000000)]
  0x00000223fa2f6000 JavaThread "http-nio-8090-exec-3" daemon [_thread_blocked, id=15388, stack(0x00000045ec000000,0x00000045ec100000)]
  0x00000223fa2fa000 JavaThread "http-nio-8090-exec-4" daemon [_thread_blocked, id=84888, stack(0x00000045ec100000,0x00000045ec200000)]
  0x00000223fa2f7000 JavaThread "http-nio-8090-exec-5" daemon [_thread_blocked, id=18836, stack(0x00000045ec200000,0x00000045ec300000)]
  0x00000223f9566800 JavaThread "http-nio-8090-exec-6" daemon [_thread_blocked, id=13400, stack(0x00000045ec300000,0x00000045ec400000)]
  0x00000223f9e90800 JavaThread "http-nio-8090-exec-7" daemon [_thread_blocked, id=73752, stack(0x00000045ec400000,0x00000045ec500000)]
  0x00000223f4a04000 JavaThread "http-nio-8090-exec-8" daemon [_thread_blocked, id=15716, stack(0x00000045ec500000,0x00000045ec600000)]
  0x00000223fa8e3000 JavaThread "http-nio-8090-exec-9" daemon [_thread_blocked, id=6208, stack(0x00000045ec600000,0x00000045ec700000)]
  0x00000223fa8dd800 JavaThread "http-nio-8090-exec-10" daemon [_thread_blocked, id=53956, stack(0x00000045ec700000,0x00000045ec800000)]
  0x00000223fa8e2800 JavaThread "http-nio-8090-ClientPoller" daemon [_thread_in_native, id=9668, stack(0x00000045ec800000,0x00000045ec900000)]
  0x00000223fa8e4000 JavaThread "http-nio-8090-Acceptor" daemon [_thread_in_native, id=11028, stack(0x00000045ec900000,0x00000045eca00000)]
  0x00000223fa8de800 JavaThread "GS-LRMI-Connection-pool-1-thread-6" daemon [_thread_blocked, id=10436, stack(0x00000045e3800000,0x00000045e3900000)]
  0x00000223fa8e5000 JavaThread "GS-LRMI-Connection-pool-1-thread-7" daemon [_thread_blocked, id=11096, stack(0x00000045e3300000,0x00000045e3400000)]
  0x00000223fa8df000 JavaThread "GS-LRMI-Connection-pool-1-thread-8" daemon [_thread_blocked, id=80652, stack(0x00000045e3500000,0x00000045e3600000)]
  0x00000223fa8e0000 JavaThread "GS-settleThread" daemon [_thread_blocked, id=44248, stack(0x00000045e3c00000,0x00000045e3d00000)]
  0x00000223fa8e5800 JavaThread "GS-MAGIC_INFO-router-threadpool" daemon [_thread_blocked, id=72432, stack(0x00000045e5600000,0x00000045e5700000)]
  0x00000223fa8e0800 JavaThread "GS-admin-state-change-thread" [_thread_blocked, id=61716, stack(0x00000045e3a00000,0x00000045e3b00000)]
  0x00000223fa8e7000 JavaThread "GS-admin-state-change-thread" [_thread_blocked, id=79440, stack(0x00000045e6c00000,0x00000045e6d00000)]
  0x00000223fa8e1800 JavaThread "GS-admin-state-change-thread" [_thread_blocked, id=22264, stack(0x00000045e7000000,0x00000045e7100000)]
  0x00000223fa8e8000 JavaThread "GS-admin-state-change-thread" [_thread_blocked, id=22872, stack(0x00000045e7600000,0x00000045e7700000)]
  0x00000223fa8e9000 JavaThread "GS-admin-state-change-thread" [_thread_blocked, id=72588, stack(0x00000045e7900000,0x00000045e7a00000)]
  0x00000223fa8eb800 JavaThread "GS-admin-state-change-thread" [_thread_blocked, id=22740, stack(0x00000045e7a00000,0x00000045e7b00000)]
  0x00000223fa8ea800 JavaThread "GS-admin-state-change-thread" [_thread_blocked, id=58088, stack(0x00000045e7b00000,0x00000045e7c00000)]
  0x00000223fa8ec000 JavaThread "GS-admin-state-change-thread" [_thread_blocked, id=13008, stack(0x00000045e7c00000,0x00000045e7d00000)]
  0x00000223fa8e9800 JavaThread "GS-admin-state-change-thread" [_thread_blocked, id=24284, stack(0x00000045e8400000,0x00000045e8500000)]
  0x00000223f8d8d000 JavaThread "GS-admin-state-change-thread" [_thread_blocked, id=50160, stack(0x00000045e8500000,0x00000045e8600000)]
  0x00000223f8d90000 JavaThread "GS-admin-state-change-thread" [_thread_blocked, id=31480, stack(0x00000045e8700000,0x00000045e8800000)]
  0x00000223f8d94000 JavaThread "GS-admin-state-change-thread" [_thread_blocked, id=24940, stack(0x00000045e8900000,0x00000045e8a00000)]
  0x00000223f8d93800 JavaThread "GS-admin-state-change-thread" [_thread_blocked, id=36500, stack(0x00000045e8a00000,0x00000045e8b00000)]
  0x00000223f8d96800 JavaThread "GS-admin-state-change-thread" [_thread_blocked, id=54600, stack(0x00000045e8b00000,0x00000045e8c00000)]
  0x00000223f8d91800 JavaThread "GS-MAGIC_SPACE-router-threadpool" daemon [_thread_blocked, id=77804, stack(0x00000045e9400000,0x00000045e9500000)]
  0x00000223f8d98000 JavaThread "GS-MAGIC_SPACE-router-threadpool" daemon [_thread_blocked, id=77024, stack(0x00000045e9500000,0x00000045e9600000)]
  0x00000223fa2f2000 JavaThread "GS-multicast-discovery-announcement-listener" daemon [_thread_in_native, id=74292, stack(0x00000045e9a00000,0x00000045e9b00000)]
  0x00000223fa2fe000 JavaThread "GS-multicast-announcement-timer" daemon [_thread_blocked, id=37256, stack(0x00000045e9b00000,0x00000045e9c00000)]
  0x00000223fa869000 JavaThread "Thread-45" daemon [_thread_blocked, id=73376, stack(0x00000045ea700000,0x00000045ea800000)]
  0x00000223fa863800 JavaThread "GS-MAGIC_SPACE-router-threadpool" daemon [_thread_blocked, id=69480, stack(0x00000045ea500000,0x00000045ea600000)]
  0x00000223fa864000 JavaThread "GS-MAGIC_SPACE-router-threadpool" daemon [_thread_blocked, id=5404, stack(0x00000045ea600000,0x00000045ea700000)]
  0x00000223fa86f800 JavaThread "GS-MAGIC_SPACE-router-threadpool" daemon [_thread_blocked, id=39432, stack(0x00000045ea800000,0x00000045ea900000)]
  0x00000223fa86b000 JavaThread "GS-MAGIC_SPACE-router-threadpool" daemon [_thread_blocked, id=75924, stack(0x00000045eaa00000,0x00000045eab00000)]
  0x00000223fa86d000 JavaThread "GS-MAGIC_SPACE-router-threadpool" daemon [_thread_blocked, id=45104, stack(0x00000045eab00000,0x00000045eac00000)]
  0x00000223fa814000 JavaThread "GS-admin-state-change-thread" [_thread_blocked, id=67304, stack(0x00000045e8e00000,0x00000045e8f00000)]
  0x00000223fa80e800 JavaThread "GS-admin-state-change-thread" [_thread_blocked, id=46976, stack(0x00000045e9700000,0x00000045e9800000)]
  0x00000223fa817800 JavaThread "GS-admin-state-change-thread" [_thread_blocked, id=14196, stack(0x00000045e9800000,0x00000045e9900000)]
  0x00000223fa815000 JavaThread "GS-admin-state-change-thread" [_thread_blocked, id=84716, stack(0x00000045e9e00000,0x00000045e9f00000)]
  0x00000223fa819000 JavaThread "GS-admin-state-change-thread" [_thread_blocked, id=74832, stack(0x00000045eae00000,0x00000045eaf00000)]
  0x00000223fa2f7800 JavaThread "GS-admin-state-change-thread" [_thread_blocked, id=78260, stack(0x00000045eb500000,0x00000045eb600000)]
  0x00000223fa2f8800 JavaThread "GS-admin-state-change-thread" [_thread_blocked, id=34664, stack(0x00000045eb600000,0x00000045eb700000)]
  0x00000223fa2f9800 JavaThread "GS-admin-state-change-thread" [_thread_blocked, id=5772, stack(0x00000045eb700000,0x00000045eb800000)]
  0x00000223fa2f3800 JavaThread "GS-admin-state-change-thread" [_thread_blocked, id=81580, stack(0x00000045eb800000,0x00000045eb900000)]
  0x00000223fa300800 JavaThread "GS-admin-state-change-thread" [_thread_blocked, id=22452, stack(0x00000045eb900000,0x00000045eba00000)]
  0x00000223f4a03800 JavaThread "GS-admin-state-change-thread" [_thread_blocked, id=8636, stack(0x00000045eca00000,0x00000045ecb00000)]
  0x00000223f4a08800 JavaThread "GS-admin-state-change-thread" [_thread_blocked, id=50264, stack(0x00000045ecb00000,0x00000045ecc00000)]
  0x00000223f4a06800 JavaThread "GS-admin-state-change-thread" [_thread_blocked, id=29912, stack(0x00000045ecc00000,0x00000045ecd00000)]
  0x00000223f8969000 JavaThread "GS-admin-state-change-thread" [_thread_blocked, id=66912, stack(0x00000045ecd00000,0x00000045ece00000)]

Other Threads:
=>0x00000223f2a44800 VMThread "VM Thread" [stack: 0x00000045e1d00000,0x00000045e1e00000] [id=60384] _threads_hazard_ptr=0x00000223f8e6ee20
  0x00000223f3c84000 WatcherThread [stack: 0x00000045e2e00000,0x00000045e2f00000] [id=56572]
  0x00000223d3eb3800 GCTaskThread "GC Thread#0" [stack: 0x00000045e1800000,0x00000045e1900000] [id=59600]
  0x00000223f35e2000 GCTaskThread "GC Thread#1" [stack: 0x00000045e2700000,0x00000045e2800000] [id=53892]
  0x00000223f3687800 GCTaskThread "GC Thread#2" [stack: 0x00000045e2800000,0x00000045e2900000] [id=45364]
  0x00000223f3688000 GCTaskThread "GC Thread#3" [stack: 0x00000045e2900000,0x00000045e2a00000] [id=59784]
  0x00000223d3ecd000 ConcurrentGCThread "G1 Main Marker" [stack: 0x00000045e1900000,0x00000045e1a00000] [id=58444]
  0x00000223d3ece000 ConcurrentGCThread "G1 Conc#0" [stack: 0x00000045e1a00000,0x00000045e1b00000] [id=59244]
  0x00000223f2066000 ConcurrentGCThread "G1 Refine#0" [stack: 0x00000045e1b00000,0x00000045e1c00000] [id=56676]
  0x00000223f2d1b800 ConcurrentGCThread "G1 Refine#1" [stack: 0x00000045e2a00000,0x00000045e2b00000] [id=59864]
  0x00000223f2067000 ConcurrentGCThread "G1 Young RemSet Sampling" [stack: 0x00000045e1c00000,0x00000045e1d00000] [id=56352]

Threads with active compile tasks:

VM state:at safepoint (normal execution)

VM Mutex/Monitor currently owned by a thread:  ([mutex/lock_event])
[0x00000223d3e57e90] Threads_lock - owner thread: 0x00000223f2a44800

Heap address: 0x0000000740000000, size: 3072 MB, Compressed Oops mode: Zero based, Oop shift amount: 3
Narrow klass base: 0x0000000800000000, Narrow klass shift: 0
Compressed class space size: 1073741824 Address: 0x0000000800000000

Heap:
 garbage-first heap   total 102400K, used 73285K [0x0000000740000000, 0x0000000800000000)
  region size 1024K, 4 young (4096K), 2 survivors (2048K)
 Metaspace       used 91410K, capacity 94400K, committed 94544K, reserved 1130496K
  class space    used 11995K, capacity 13034K, committed 13056K, reserved 1048576K
Heap Regions: E=young(eden), S=young(survivor), O=old, HS=humongous(starts), HC=humongous(continues), CS=collection set, F=free, OA=open archive, CA=closed archive, TAMS=top-at-mark-start (previous, next)
|   0|0x0000000740000000, 0x0000000740100000, 0x0000000740100000|100%|HS|  |TAMS 0x0000000740100000, 0x0000000740000000| Complete 
|   1|0x0000000740100000, 0x00000007401fdb60, 0x0000000740200000| 99%| O|  |TAMS 0x00000007401fdb60, 0x0000000740100000| Untracked 
|   2|0x0000000740200000, 0x00000007402fff98, 0x0000000740300000| 99%| O|  |TAMS 0x00000007402fff98, 0x0000000740200000| Untracked 
|   3|0x0000000740300000, 0x00000007403fe198, 0x0000000740400000| 99%| O|  |TAMS 0x00000007403fe198, 0x0000000740300000| Untracked 
|   4|0x0000000740400000, 0x00000007404e96f0, 0x0000000740500000| 91%| O|  |TAMS 0x00000007404e96f0, 0x0000000740400000| Untracked 
|   5|0x0000000740500000, 0x00000007405f8278, 0x0000000740600000| 96%| O|  |TAMS 0x00000007405f8278, 0x0000000740500000| Untracked 
|   6|0x0000000740600000, 0x00000007406fffb8, 0x0000000740700000| 99%| O|  |TAMS 0x00000007406fffb8, 0x0000000740600000| Untracked 
|   7|0x0000000740700000, 0x00000007407ffff0, 0x0000000740800000| 99%| O|  |TAMS 0x00000007407ffff0, 0x0000000740700000| Untracked 
|   8|0x0000000740800000, 0x00000007408fffc0, 0x0000000740900000| 99%| O|  |TAMS 0x00000007408fffc0, 0x0000000740800000| Untracked 
|   9|0x0000000740900000, 0x00000007409fffe0, 0x0000000740a00000| 99%| O|  |TAMS 0x00000007409fffe0, 0x0000000740900000| Untracked 
|  10|0x0000000740a00000, 0x0000000740affff8, 0x0000000740b00000| 99%| O|  |TAMS 0x0000000740affff8, 0x0000000740a00000| Untracked 
|  11|0x0000000740b00000, 0x0000000740c00000, 0x0000000740c00000|100%| O|  |TAMS 0x0000000740c00000, 0x0000000740b00000| Untracked 
|  12|0x0000000740c00000, 0x0000000740cfff98, 0x0000000740d00000| 99%| O|  |TAMS 0x0000000740cfff98, 0x0000000740c00000| Untracked 
|  13|0x0000000740d00000, 0x0000000740dfffe8, 0x0000000740e00000| 99%| O|  |TAMS 0x0000000740dfffe8, 0x0000000740d00000| Untracked 
|  14|0x0000000740e00000, 0x0000000740efffd0, 0x0000000740f00000| 99%| O|  |TAMS 0x0000000740efffd0, 0x0000000740e00000| Untracked 
|  15|0x0000000740f00000, 0x0000000740ffffc8, 0x0000000741000000| 99%| O|  |TAMS 0x0000000740ffffc8, 0x0000000740f00000| Untracked 
|  16|0x0000000741000000, 0x00000007410fe638, 0x0000000741100000| 99%| O|  |TAMS 0x00000007410fe638, 0x0000000741000000| Untracked 
|  17|0x0000000741100000, 0x0000000741200000, 0x0000000741200000|100%| O|  |TAMS 0x0000000741200000, 0x0000000741100000| Untracked 
|  18|0x0000000741200000, 0x00000007412ffff0, 0x0000000741300000| 99%| O|  |TAMS 0x00000007412ffff0, 0x0000000741200000| Untracked 
|  19|0x0000000741300000, 0x00000007413fffc8, 0x0000000741400000| 99%| O|  |TAMS 0x00000007413fffc8, 0x0000000741300000| Untracked 
|  20|0x0000000741400000, 0x00000007414ffe40, 0x0000000741500000| 99%| O|  |TAMS 0x00000007414ffe40, 0x0000000741400000| Untracked 
|  21|0x0000000741500000, 0x00000007415fffb8, 0x0000000741600000| 99%| O|  |TAMS 0x00000007415fffb8, 0x0000000741500000| Untracked 
|  22|0x0000000741600000, 0x00000007416ffff0, 0x0000000741700000| 99%| O|  |TAMS 0x00000007416ffff0, 0x0000000741600000| Untracked 
|  23|0x0000000741700000, 0x00000007417fffe8, 0x0000000741800000| 99%| O|  |TAMS 0x00000007417fffe8, 0x0000000741700000| Untracked 
|  24|0x0000000741800000, 0x00000007418fffd8, 0x0000000741900000| 99%| O|  |TAMS 0x00000007418fffd8, 0x0000000741800000| Untracked 
|  25|0x0000000741900000, 0x00000007419ffff8, 0x0000000741a00000| 99%| O|  |TAMS 0x00000007419ffff8, 0x0000000741900000| Untracked 
|  26|0x0000000741a00000, 0x0000000741afffc8, 0x0000000741b00000| 99%| O|  |TAMS 0x0000000741afffc8, 0x0000000741a00000| Untracked 
|  27|0x0000000741b00000, 0x0000000741c00000, 0x0000000741c00000|100%| O|  |TAMS 0x0000000741b00000, 0x0000000741b00000| Untracked 
|  28|0x0000000741c00000, 0x0000000741d00000, 0x0000000741d00000|100%| O|  |TAMS 0x0000000741c00000, 0x0000000741c00000| Untracked 
|  29|0x0000000741d00000, 0x0000000741e00000, 0x0000000741e00000|100%| O|  |TAMS 0x0000000741d00000, 0x0000000741d00000| Untracked 
|  30|0x0000000741e00000, 0x0000000741f00000, 0x0000000741f00000|100%| O|  |TAMS 0x0000000741e00000, 0x0000000741e00000| Untracked 
|  31|0x0000000741f00000, 0x0000000742000000, 0x0000000742000000|100%| O|  |TAMS 0x0000000741f00000, 0x0000000741f00000| Untracked 
|  32|0x0000000742000000, 0x0000000742100000, 0x0000000742100000|100%| O|  |TAMS 0x0000000742000000, 0x0000000742000000| Untracked 
|  33|0x0000000742100000, 0x0000000742200000, 0x0000000742200000|100%| O|  |TAMS 0x0000000742104600, 0x0000000742100000| Untracked 
|  34|0x0000000742200000, 0x0000000742300000, 0x0000000742300000|100%| O|  |TAMS 0x0000000742200000, 0x0000000742200000| Untracked 
|  35|0x0000000742300000, 0x0000000742400000, 0x0000000742400000|100%| O|  |TAMS 0x0000000742300000, 0x0000000742300000| Untracked 
|  36|0x0000000742400000, 0x0000000742500000, 0x0000000742500000|100%| O|  |TAMS 0x0000000742500000, 0x0000000742400000| Untracked 
|  37|0x0000000742500000, 0x0000000742600000, 0x0000000742600000|100%| O|  |TAMS 0x0000000742600000, 0x0000000742500000| Untracked 
|  38|0x0000000742600000, 0x0000000742700000, 0x0000000742700000|100%| O|  |TAMS 0x0000000742700000, 0x0000000742600000| Untracked 
|  39|0x0000000742700000, 0x0000000742800000, 0x0000000742800000|100%| O|  |TAMS 0x0000000742800000, 0x0000000742700000| Untracked 
|  40|0x0000000742800000, 0x0000000742900000, 0x0000000742900000|100%| O|  |TAMS 0x0000000742800000, 0x0000000742800000| Untracked 
|  41|0x0000000742900000, 0x0000000742a00000, 0x0000000742a00000|100%| O|  |TAMS 0x0000000742900000, 0x0000000742900000| Untracked 
|  42|0x0000000742a00000, 0x0000000742b00000, 0x0000000742b00000|100%| O|  |TAMS 0x0000000742b00000, 0x0000000742a00000| Untracked 
|  43|0x0000000742b00000, 0x0000000742c00000, 0x0000000742c00000|100%| O|  |TAMS 0x0000000742b00000, 0x0000000742b00000| Untracked 
|  44|0x0000000742c00000, 0x0000000742d00000, 0x0000000742d00000|100%| O|  |TAMS 0x0000000742c00000, 0x0000000742c00000| Untracked 
|  45|0x0000000742d00000, 0x0000000742e00000, 0x0000000742e00000|100%| O|  |TAMS 0x0000000742d00000, 0x0000000742d00000| Untracked 
|  46|0x0000000742e00000, 0x0000000742f00000, 0x0000000742f00000|100%| O|  |TAMS 0x0000000742e00000, 0x0000000742e00000| Untracked 
|  47|0x0000000742f00000, 0x0000000743000000, 0x0000000743000000|100%| O|  |TAMS 0x0000000742f00000, 0x0000000742f00000| Untracked 
|  48|0x0000000743000000, 0x0000000743100000, 0x0000000743100000|100%| O|  |TAMS 0x0000000743100000, 0x0000000743000000| Untracked 
|  49|0x0000000743100000, 0x0000000743200000, 0x0000000743200000|100%| O|  |TAMS 0x0000000743200000, 0x0000000743100000| Untracked 
|  50|0x0000000743200000, 0x0000000743300000, 0x0000000743300000|100%| O|  |TAMS 0x0000000743300000, 0x0000000743200000| Untracked 
|  51|0x0000000743300000, 0x0000000743400000, 0x0000000743400000|100%| O|  |TAMS 0x0000000743300000, 0x0000000743300000| Untracked 
|  52|0x0000000743400000, 0x0000000743500000, 0x0000000743500000|100%| O|  |TAMS 0x0000000743400000, 0x0000000743400000| Untracked 
|  53|0x0000000743500000, 0x0000000743600000, 0x0000000743600000|100%| O|  |TAMS 0x0000000743500000, 0x0000000743500000| Untracked 
|  54|0x0000000743600000, 0x0000000743700000, 0x0000000743700000|100%| O|  |TAMS 0x0000000743600000, 0x0000000743600000| Untracked 
|  55|0x0000000743700000, 0x0000000743800000, 0x0000000743800000|100%| O|  |TAMS 0x0000000743700000, 0x0000000743700000| Untracked 
|  56|0x0000000743800000, 0x0000000743900000, 0x0000000743900000|100%| O|  |TAMS 0x0000000743800000, 0x0000000743800000| Untracked 
|  57|0x0000000743900000, 0x0000000743a00000, 0x0000000743a00000|100%| O|  |TAMS 0x0000000743900000, 0x0000000743900000| Untracked 
|  58|0x0000000743a00000, 0x0000000743b00000, 0x0000000743b00000|100%| O|  |TAMS 0x0000000743a00000, 0x0000000743a00000| Untracked 
|  59|0x0000000743b00000, 0x0000000743c00000, 0x0000000743c00000|100%| O|  |TAMS 0x0000000743b00000, 0x0000000743b00000| Untracked 
|  60|0x0000000743c00000, 0x0000000743d00000, 0x0000000743d00000|100%| O|  |TAMS 0x0000000743c00000, 0x0000000743c00000| Untracked 
|  61|0x0000000743d00000, 0x0000000743e00000, 0x0000000743e00000|100%| O|  |TAMS 0x0000000743d00000, 0x0000000743d00000| Untracked 
|  62|0x0000000743e00000, 0x0000000743f00000, 0x0000000743f00000|100%| O|  |TAMS 0x0000000743e00000, 0x0000000743e00000| Untracked 
|  63|0x0000000743f00000, 0x0000000744000000, 0x0000000744000000|100%| O|  |TAMS 0x0000000743f00000, 0x0000000743f00000| Untracked 
|  64|0x0000000744000000, 0x0000000744100000, 0x0000000744100000|100%| O|  |TAMS 0x0000000744000000, 0x0000000744000000| Untracked 
|  65|0x0000000744100000, 0x0000000744200000, 0x0000000744200000|100%| O|  |TAMS 0x0000000744100000, 0x0000000744100000| Untracked 
|  66|0x0000000744200000, 0x0000000744300000, 0x0000000744300000|100%| O|  |TAMS 0x0000000744200000, 0x0000000744200000| Untracked 
|  67|0x0000000744300000, 0x0000000744400000, 0x0000000744400000|100%| O|  |TAMS 0x0000000744300000, 0x0000000744300000| Untracked 
|  68|0x0000000744400000, 0x0000000744500000, 0x0000000744500000|100%| O|  |TAMS 0x0000000744400000, 0x0000000744400000| Untracked 
|  69|0x0000000744500000, 0x00000007445a5000, 0x0000000744600000| 64%| O|  |TAMS 0x0000000744500000, 0x0000000744500000| Untracked 
|  70|0x0000000744600000, 0x0000000744600000, 0x0000000744700000|  0%| F|  |TAMS 0x0000000744600000, 0x0000000744600000| Untracked 
|  71|0x0000000744700000, 0x0000000744700000, 0x0000000744800000|  0%| F|  |TAMS 0x0000000744700000, 0x0000000744700000| Untracked 
|  72|0x0000000744800000, 0x0000000744800000, 0x0000000744900000|  0%| F|  |TAMS 0x0000000744800000, 0x0000000744800000| Untracked 
|  73|0x0000000744900000, 0x0000000744900000, 0x0000000744a00000|  0%| F|  |TAMS 0x0000000744900000, 0x0000000744900000| Untracked 
|  74|0x0000000744a00000, 0x0000000744a00000, 0x0000000744b00000|  0%| F|  |TAMS 0x0000000744a00000, 0x0000000744a00000| Untracked 
|  75|0x0000000744b00000, 0x0000000744b00000, 0x0000000744c00000|  0%| F|  |TAMS 0x0000000744b00000, 0x0000000744b00000| Untracked 
|  76|0x0000000744c00000, 0x0000000744c00000, 0x0000000744d00000|  0%| F|  |TAMS 0x0000000744c00000, 0x0000000744c00000| Untracked 
|  77|0x0000000744d00000, 0x0000000744d00000, 0x0000000744e00000|  0%| F|  |TAMS 0x0000000744d00000, 0x0000000744d00000| Untracked 
|  78|0x0000000744e00000, 0x0000000744e00000, 0x0000000744f00000|  0%| F|  |TAMS 0x0000000744e00000, 0x0000000744e00000| Untracked 
|  79|0x0000000744f00000, 0x0000000744f00000, 0x0000000745000000|  0%| F|  |TAMS 0x0000000744f00000, 0x0000000744f00000| Untracked 
|  80|0x0000000745000000, 0x0000000745010db8, 0x0000000745100000|  6%| S|CS|TAMS 0x0000000745000000, 0x0000000745000000| Complete 
|  81|0x0000000745100000, 0x0000000745200000, 0x0000000745200000|100%| S|CS|TAMS 0x0000000745100000, 0x0000000745100000| Complete 
|  82|0x0000000745200000, 0x0000000745200000, 0x0000000745300000|  0%| F|  |TAMS 0x0000000745200000, 0x0000000745200000| Untracked 
|  83|0x0000000745300000, 0x0000000745300000, 0x0000000745400000|  0%| F|  |TAMS 0x0000000745300000, 0x0000000745300000| Untracked 
|  84|0x0000000745400000, 0x0000000745400000, 0x0000000745500000|  0%| F|  |TAMS 0x0000000745400000, 0x0000000745400000| Untracked 
|  85|0x0000000745500000, 0x0000000745500000, 0x0000000745600000|  0%| F|  |TAMS 0x0000000745500000, 0x0000000745500000| Untracked 
|  86|0x0000000745600000, 0x0000000745600000, 0x0000000745700000|  0%| F|  |TAMS 0x0000000745600000, 0x0000000745600000| Untracked 
|  87|0x0000000745700000, 0x0000000745700000, 0x0000000745800000|  0%| F|  |TAMS 0x0000000745700000, 0x0000000745700000| Untracked 
|  88|0x0000000745800000, 0x0000000745800000, 0x0000000745900000|  0%| F|  |TAMS 0x0000000745800000, 0x0000000745800000| Untracked 
|  89|0x0000000745900000, 0x0000000745900000, 0x0000000745a00000|  0%| F|  |TAMS 0x0000000745900000, 0x0000000745900000| Untracked 
|  90|0x0000000745a00000, 0x0000000745a00000, 0x0000000745b00000|  0%| F|  |TAMS 0x0000000745a00000, 0x0000000745a00000| Untracked 
|  91|0x0000000745b00000, 0x0000000745b00000, 0x0000000745c00000|  0%| F|  |TAMS 0x0000000745b00000, 0x0000000745b00000| Untracked 
|  92|0x0000000745c00000, 0x0000000745c00000, 0x0000000745d00000|  0%| F|  |TAMS 0x0000000745c00000, 0x0000000745c00000| Untracked 
|  93|0x0000000745d00000, 0x0000000745d00000, 0x0000000745e00000|  0%| F|  |TAMS 0x0000000745d00000, 0x0000000745d00000| Untracked 
| 158|0x0000000749e00000, 0x0000000749e00000, 0x0000000749f00000|  0%| F|  |TAMS 0x0000000749e00000, 0x0000000749e00000| Untracked 
| 159|0x0000000749f00000, 0x0000000749f00000, 0x000000074a000000|  0%| F|  |TAMS 0x0000000749f00000, 0x0000000749f00000| Untracked 
| 160|0x000000074a000000, 0x000000074a000000, 0x000000074a100000|  0%| F|  |TAMS 0x000000074a000000, 0x000000074a000000| Untracked 
| 161|0x000000074a100000, 0x000000074a100000, 0x000000074a200000|  0%| F|  |TAMS 0x000000074a100000, 0x000000074a100000| Untracked 
| 190|0x000000074be00000, 0x000000074be87650, 0x000000074bf00000| 52%| E|  |TAMS 0x000000074be00000, 0x000000074be00000| Complete 
| 191|0x000000074bf00000, 0x000000074c000000, 0x000000074c000000|100%| E|CS|TAMS 0x000000074bf00000, 0x000000074bf00000| Complete 

Card table byte_map: [0x00000223e8f40000,0x00000223e9540000] _byte_map_base: 0x00000223e5540000

Marking Bits (Prev, Next): (CMBitMap*) 0x00000223d3eb4318, (CMBitMap*) 0x00000223d3eb4358
 Prev Bits: [0x00000223e9b40000, 0x00000223ecb40000)
 Next Bits: [0x00000223ecb40000, 0x00000223efb40000)

Polling page: 0x00000223d3f20000

Metaspace:

Usage:
  Non-class:     79.46 MB capacity,    77.55 MB ( 98%) used,     1.61 MB (  2%) free+waste,   298.06 KB ( <1%) overhead. 
      Class:     12.73 MB capacity,    11.71 MB ( 92%) used,   897.70 KB (  7%) free+waste,   140.88 KB (  1%) overhead. 
       Both:     92.19 MB capacity,    89.27 MB ( 97%) used,     2.49 MB (  3%) free+waste,   438.94 KB ( <1%) overhead. 

Virtual space:
  Non-class space:       80.00 MB reserved,      79.58 MB (>99%) committed 
      Class space:        1.00 GB reserved,      12.75 MB (  1%) committed 
             Both:        1.08 GB reserved,      92.33 MB (  8%) committed 

Chunk freelists:
   Non-Class:  2.00 KB
       Class:  0 bytes
        Both:  2.00 KB

MaxMetaspaceSize: 17179869184.00 GB
CompressedClassSpaceSize: 1.00 GB

CodeHeap 'non-profiled nmethods': size=238912Kb used=33148Kb max_used=33148Kb free=205764Kb
 bounds [0x00000223d99d0000, 0x00000223dba30000, 0x00000223e8320000]
CodeHeap 'non-nmethods': size=6848Kb used=1466Kb max_used=1466Kb free=5381Kb
 bounds [0x00000223d9320000, 0x00000223d9590000, 0x00000223d99d0000]
 total_blobs=19305 nmethods=18507 adapters=724
 compilation: enabled
              stopped_count=0, restarted_count=0
 full_count=0

Compilation events (20 events):
Event: 148220.032 Thread 0x00000223f2a91000 18871       1       sun.security.ec.XECOperations::pruneK (19 bytes)
Event: 148220.032 Thread 0x00000223f2a91000 nmethod 18871 0x00000223dba26490 code [0x00000223dba26620, 0x00000223dba26708]
Event: 148220.032 Thread 0x00000223f2a91000 18872       1       sun.security.ec.XECOperations::pruneK (48 bytes)
Event: 148220.033 Thread 0x00000223f2a91000 nmethod 18872 0x00000223dba26810 code [0x00000223dba269a0, 0x00000223dba26ae8]
Event: 148220.033 Thread 0x00000223f2a91000 18873       1       sun.security.ec.XECOperations::maskHighOrder (44 bytes)
Event: 148220.033 Thread 0x00000223f2a91000 nmethod 18873 0x00000223dba26c10 code [0x00000223dba26da0, 0x00000223dba26eb8]
Event: 148220.033 Thread 0x00000223f2a91000 18874   !   1       sun.security.ec.XDHPrivateKeyImpl::encodeKey (38 bytes)
Event: 148220.035 Thread 0x00000223f2a91000 nmethod 18874 0x00000223dba26f90 code [0x00000223dba27180, 0x00000223dba27798]
Event: 148220.035 Thread 0x00000223f2a91000 18875       1       sun.security.ssl.XDHKeyExchange$XDHEPossession::encode (120 bytes)
Event: 148220.035 Thread 0x00000223f2a91000 nmethod 18875 0x00000223dba27b10 code [0x00000223dba27d20, 0x00000223dba282a8]
Event: 148220.035 Thread 0x00000223f2a91000 18876   !   1       sun.security.ssl.KeyShareExtension$KeyShareEntry::getEncoded (64 bytes)
Event: 148220.036 Thread 0x00000223f2a91000 nmethod 18876 0x00000223dba28590 code [0x00000223dba287c0, 0x00000223dba28dd8]
Event: 148220.036 Thread 0x00000223f2a91000 18877       1       sun.security.ssl.Record::putBytes16 (43 bytes)
Event: 148220.036 Thread 0x00000223f2a91000 nmethod 18877 0x00000223dba29390 code [0x00000223dba295c0, 0x00000223dba29b68]
Event: 148220.036 Thread 0x00000223f2a91000 18878       1       sun.security.ssl.RenegoInfoExtension$CHRenegotiationInfoProducer::produce (204 bytes)
Event: 148220.038 Thread 0x00000223f2a91000 nmethod 18878 0x00000223dba29e90 code [0x00000223dba2a0c0, 0x00000223dba2a718]
Event: 148220.038 Thread 0x00000223f2a91000 18879       1       sun.security.ssl.PreSharedKeyExtension$CHPreSharedKeyProducer::produce (404 bytes)
Event: 148220.042 Thread 0x00000223f2a91000 nmethod 18879 0x00000223dba2aa90 code [0x00000223dba2adc0, 0x00000223dba2bb58]
Event: 148220.042 Thread 0x00000223f2a91000 18888   !   1       sun.security.ssl.ServerHello$ServerHelloMessage::<init> (333 bytes)
Event: 148220.047 Thread 0x00000223f2a91000 nmethod 18888 0x00000223dba2c590 code [0x00000223dba2ca20, 0x00000223dba2e358]

GC Heap History (20 events):
Event: 157093.753 GC heap before
{Heap before GC invocations=2822 (full 6):
 garbage-first heap   total 102400K, used 88036K [0x0000000740000000, 0x0000000800000000)
  region size 1024K, 17 young (17408K), 2 survivors (2048K)
 Metaspace       used 91410K, capacity 94400K, committed 94544K, reserved 1130496K
  class space    used 11995K, capacity 13034K, committed 13056K, reserved 1048576K
}
Event: 157093.764 GC heap after
{Heap after GC invocations=2823 (full 6):
 garbage-first heap   total 102400K, used 71718K [0x0000000740000000, 0x0000000800000000)
  region size 1024K, 1 young (1024K), 1 survivors (1024K)
 Metaspace       used 91410K, capacity 94400K, committed 94544K, reserved 1130496K
  class space    used 11995K, capacity 13034K, committed 13056K, reserved 1048576K
}
Event: 157115.280 GC heap before
{Heap before GC invocations=2823 (full 6):
 garbage-first heap   total 102400K, used 87078K [0x0000000740000000, 0x0000000800000000)
  region size 1024K, 17 young (17408K), 1 survivors (1024K)
 Metaspace       used 91410K, capacity 94400K, committed 94544K, reserved 1130496K
  class space    used 11995K, capacity 13034K, committed 13056K, reserved 1048576K
}
Event: 157115.282 GC heap after
{Heap after GC invocations=2824 (full 6):
 garbage-first heap   total 102400K, used 71834K [0x0000000740000000, 0x0000000800000000)
  region size 1024K, 1 young (1024K), 1 survivors (1024K)
 Metaspace       used 91410K, capacity 94400K, committed 94544K, reserved 1130496K
  class space    used 11995K, capacity 13034K, committed 13056K, reserved 1048576K
}
Event: 157138.657 GC heap before
{Heap before GC invocations=2824 (full 6):
 garbage-first heap   total 102400K, used 88218K [0x0000000740000000, 0x0000000800000000)
  region size 1024K, 17 young (17408K), 1 survivors (1024K)
 Metaspace       used 91410K, capacity 94400K, committed 94544K, reserved 1130496K
  class space    used 11995K, capacity 13034K, committed 13056K, reserved 1048576K
}
Event: 157138.660 GC heap after
{Heap after GC invocations=2825 (full 6):
 garbage-first heap   total 102400K, used 72122K [0x0000000740000000, 0x0000000800000000)
  region size 1024K, 1 young (1024K), 1 survivors (1024K)
 Metaspace       used 91410K, capacity 94400K, committed 94544K, reserved 1130496K
  class space    used 11995K, capacity 13034K, committed 13056K, reserved 1048576K
}
Event: 157159.343 GC heap before
{Heap before GC invocations=2825 (full 6):
 garbage-first heap   total 102400K, used 88506K [0x0000000740000000, 0x0000000800000000)
  region size 1024K, 17 young (17408K), 1 survivors (1024K)
 Metaspace       used 91410K, capacity 94400K, committed 94544K, reserved 1130496K
  class space    used 11995K, capacity 13034K, committed 13056K, reserved 1048576K
}
Event: 157159.346 GC heap after
{Heap after GC invocations=2826 (full 6):
 garbage-first heap   total 102400K, used 71810K [0x0000000740000000, 0x0000000800000000)
  region size 1024K, 1 young (1024K), 1 survivors (1024K)
 Metaspace       used 91410K, capacity 94400K, committed 94544K, reserved 1130496K
  class space    used 11995K, capacity 13034K, committed 13056K, reserved 1048576K
}
Event: 157183.173 GC heap before
{Heap before GC invocations=2826 (full 6):
 garbage-first heap   total 102400K, used 88194K [0x0000000740000000, 0x0000000800000000)
  region size 1024K, 17 young (17408K), 1 survivors (1024K)
 Metaspace       used 91410K, capacity 94400K, committed 94544K, reserved 1130496K
  class space    used 11995K, capacity 13034K, committed 13056K, reserved 1048576K
}
Event: 157183.175 GC heap after
{Heap after GC invocations=2827 (full 6):
 garbage-first heap   total 102400K, used 72177K [0x0000000740000000, 0x0000000800000000)
  region size 1024K, 1 young (1024K), 1 survivors (1024K)
 Metaspace       used 91410K, capacity 94400K, committed 94544K, reserved 1130496K
  class space    used 11995K, capacity 13034K, committed 13056K, reserved 1048576K
}
Event: 157213.020 GC heap before
{Heap before GC invocations=2827 (full 6):
 garbage-first heap   total 102400K, used 88561K [0x0000000740000000, 0x0000000800000000)
  region size 1024K, 17 young (17408K), 1 survivors (1024K)
 Metaspace       used 91410K, capacity 94400K, committed 94544K, reserved 1130496K
  class space    used 11995K, capacity 13034K, committed 13056K, reserved 1048576K
}
Event: 157213.024 GC heap after
{Heap after GC invocations=2828 (full 6):
 garbage-first heap   total 102400K, used 71836K [0x0000000740000000, 0x0000000800000000)
  region size 1024K, 1 young (1024K), 1 survivors (1024K)
 Metaspace       used 91410K, capacity 94400K, committed 94544K, reserved 1130496K
  class space    used 11995K, capacity 13034K, committed 13056K, reserved 1048576K
}
Event: 157230.301 GC heap before
{Heap before GC invocations=2828 (full 6):
 garbage-first heap   total 102400K, used 88220K [0x0000000740000000, 0x0000000800000000)
  region size 1024K, 17 young (17408K), 1 survivors (1024K)
 Metaspace       used 91410K, capacity 94400K, committed 94544K, reserved 1130496K
  class space    used 11995K, capacity 13034K, committed 13056K, reserved 1048576K
}
Event: 157230.303 GC heap after
{Heap after GC invocations=2829 (full 6):
 garbage-first heap   total 102400K, used 72098K [0x0000000740000000, 0x0000000800000000)
  region size 1024K, 1 young (1024K), 1 survivors (1024K)
 Metaspace       used 91410K, capacity 94400K, committed 94544K, reserved 1130496K
  class space    used 11995K, capacity 13034K, committed 13056K, reserved 1048576K
}
Event: 157258.959 GC heap before
{Heap before GC invocations=2829 (full 6):
 garbage-first heap   total 102400K, used 88482K [0x0000000740000000, 0x0000000800000000)
  region size 1024K, 17 young (17408K), 1 survivors (1024K)
 Metaspace       used 91410K, capacity 94400K, committed 94544K, reserved 1130496K
  class space    used 11995K, capacity 13034K, committed 13056K, reserved 1048576K
}
Event: 157258.961 GC heap after
{Heap after GC invocations=2830 (full 6):
 garbage-first heap   total 102400K, used 72040K [0x0000000740000000, 0x0000000800000000)
  region size 1024K, 1 young (1024K), 1 survivors (1024K)
 Metaspace       used 91410K, capacity 94400K, committed 94544K, reserved 1130496K
  class space    used 11995K, capacity 13034K, committed 13056K, reserved 1048576K
}
Event: 157280.242 GC heap before
{Heap before GC invocations=2830 (full 6):
 garbage-first heap   total 102400K, used 87400K [0x0000000740000000, 0x0000000800000000)
  region size 1024K, 17 young (17408K), 1 survivors (1024K)
 Metaspace       used 91410K, capacity 94400K, committed 94544K, reserved 1130496K
  class space    used 11995K, capacity 13034K, committed 13056K, reserved 1048576K
}
Event: 157280.244 GC heap after
{Heap after GC invocations=2831 (full 6):
 garbage-first heap   total 102400K, used 71920K [0x0000000740000000, 0x0000000800000000)
  region size 1024K, 1 young (1024K), 1 survivors (1024K)
 Metaspace       used 91410K, capacity 94400K, committed 94544K, reserved 1130496K
  class space    used 11995K, capacity 13034K, committed 13056K, reserved 1048576K
}
Event: 157307.124 GC heap before
{Heap before GC invocations=2831 (full 6):
 garbage-first heap   total 102400K, used 89328K [0x0000000740000000, 0x0000000800000000)
  region size 1024K, 18 young (18432K), 1 survivors (1024K)
 Metaspace       used 91410K, capacity 94400K, committed 94544K, reserved 1130496K
  class space    used 11995K, capacity 13034K, committed 13056K, reserved 1048576K
}
Event: 157307.127 GC heap after
{Heap after GC invocations=2832 (full 6):
 garbage-first heap   total 102400K, used 72261K [0x0000000740000000, 0x0000000800000000)
  region size 1024K, 2 young (2048K), 2 survivors (2048K)
 Metaspace       used 91410K, capacity 94400K, committed 94544K, reserved 1130496K
  class space    used 11995K, capacity 13034K, committed 13056K, reserved 1048576K
}

Deoptimization events (10 events):
Event: 6.554 Thread 0x00000223f408f800 DEOPT PACKING pc=0x00000223d9d0799c sp=0x00000045e33fcd40
Event: 6.554 Thread 0x00000223f408f800 DEOPT UNPACKING pc=0x00000223d936964e sp=0x00000045e33fc2b8 mode 0
Event: 10.305 Thread 0x00000223f408f800 DEOPT PACKING pc=0x00000223d9a5e95c sp=0x00000045e33fba20
Event: 10.305 Thread 0x00000223f408f800 DEOPT UNPACKING pc=0x00000223d936964e sp=0x00000045e33fafb8 mode 0
Event: 11.505 Thread 0x00000223f408f800 DEOPT PACKING pc=0x00000223da12cadc sp=0x00000045e33fb240
Event: 11.505 Thread 0x00000223f408f800 DEOPT UNPACKING pc=0x00000223d936964e sp=0x00000045e33fa6e0 mode 0
Event: 11.935 Thread 0x00000223f408f800 DEOPT PACKING pc=0x00000223d9c8c1eb sp=0x00000045e33fbae0
Event: 11.935 Thread 0x00000223f408f800 DEOPT UNPACKING pc=0x00000223d936964e sp=0x00000045e33fafe8 mode 3
Event: 14.959 Thread 0x00000223f408f800 DEOPT PACKING pc=0x00000223d9b744cc sp=0x00000045e33fb9e0
Event: 14.959 Thread 0x00000223f408f800 DEOPT UNPACKING pc=0x00000223d936964e sp=0x00000045e33faf08 mode 0

Classes unloaded (20 events):
Event: 27648.746 Thread 0x00000223f2a44800 Unloading class 0x00000008000e7840 'jdk/internal/reflect/GeneratedMethodAccessor314'
Event: 27648.746 Thread 0x00000223f2a44800 Unloading class 0x00000008000e5840 'jdk/internal/reflect/GeneratedMethodAccessor313'
Event: 27648.746 Thread 0x00000223f2a44800 Unloading class 0x0000000800117840 'jdk/internal/reflect/GeneratedMethodAccessor312'
Event: 27648.746 Thread 0x00000223f2a44800 Unloading class 0x0000000800117440 'jdk/internal/reflect/GeneratedMethodAccessor311'
Event: 27648.746 Thread 0x00000223f2a44800 Unloading class 0x0000000800137040 'jdk/internal/reflect/GeneratedMethodAccessor310'
Event: 27648.746 Thread 0x00000223f2a44800 Unloading class 0x0000000800132c40 'jdk/internal/reflect/GeneratedMethodAccessor309'
Event: 27648.746 Thread 0x00000223f2a44800 Unloading class 0x0000000800150040 'jdk/internal/reflect/GeneratedMethodAccessor308'
Event: 27648.746 Thread 0x00000223f2a44800 Unloading class 0x00000008003d6840 'jdk/internal/reflect/GeneratedMethodAccessor301'
Event: 27648.747 Thread 0x00000223f2a44800 Unloading class 0x00000008003d5840 'jdk/internal/reflect/GeneratedMethodAccessor300'
Event: 27648.747 Thread 0x00000223f2a44800 Unloading class 0x000000080093e040 'jdk/internal/reflect/GeneratedConstructorAccessor183'
Event: 27648.747 Thread 0x00000223f2a44800 Unloading class 0x0000000800a4d840 'jdk/internal/reflect/GeneratedConstructorAccessor182'
Event: 27648.747 Thread 0x00000223f2a44800 Unloading class 0x0000000800a4d040 'jdk/internal/reflect/GeneratedConstructorAccessor181'
Event: 27648.747 Thread 0x00000223f2a44800 Unloading class 0x0000000800a70c40 'jdk/internal/reflect/GeneratedConstructorAccessor180'
Event: 27648.747 Thread 0x00000223f2a44800 Unloading class 0x0000000800b66040 'jdk/internal/reflect/GeneratedConstructorAccessor179'
Event: 27648.747 Thread 0x00000223f2a44800 Unloading class 0x0000000800bc9040 'jdk/internal/reflect/GeneratedMethodAccessor281'
Event: 27648.747 Thread 0x00000223f2a44800 Unloading class 0x0000000800bcfc40 'jdk/internal/reflect/GeneratedMethodAccessor279'
Event: 27648.747 Thread 0x00000223f2a44800 Unloading class 0x0000000800bcd840 'jdk/internal/reflect/GeneratedConstructorAccessor161'
Event: 27648.747 Thread 0x00000223f2a44800 Unloading class 0x0000000800bce440 'jdk/internal/reflect/GeneratedMethodAccessor141'
Event: 27648.747 Thread 0x00000223f2a44800 Unloading class 0x0000000800bca040 'jdk/internal/reflect/GeneratedConstructorAccessor153'
Event: 27648.747 Thread 0x00000223f2a44800 Unloading class 0x00000008001bfc40 'jdk/internal/reflect/GeneratedMethodAccessor1'

Classes redefined (0 events):
No events

Internal exceptions (20 events):
Event: 148576.616 Thread 0x00000223fa2f7000 Exception <a 'java/lang/ClassCastException'{0x00000007455f5048}: class org.springframework.security.web.servletapi.HttpServlet3RequestFactory$Servlet3SecurityContextHolderAwareRequestWrapper cannot be cast to class org.apache.catalina.connector.RequestFacade (org.springframework.security.web.servletapi.HttpServlet3RequestFactory$Servlet3SecurityContextHolderAwareRequestWrapper and org.apache.catalina.connector.RequestFacade are in unnamed module of loader 'app')> (0x00000007455f5048) 
thrown [./open/src/ho
Event: 148636.605 Thread 0x00000223fa2f6000 Exception <a 'java/lang/ClassCastException'{0x00000007459e4d98}: class org.springframework.security.web.servletapi.HttpServlet3RequestFactory$Servlet3SecurityContextHolderAwareRequestWrapper cannot be cast to class org.apache.catalina.connector.RequestFacade (org.springframework.security.web.servletapi.HttpServlet3RequestFactory$Servlet3SecurityContextHolderAwareRequestWrapper and org.apache.catalina.connector.RequestFacade are in unnamed module of loader 'app')> (0x00000007459e4d98) 
thrown [./open/src/ho
Event: 149356.731 Thread 0x00000223fa8dd800 Exception <a 'java/lang/ClassCastException'{0x000000074a11f038}: class org.springframework.security.web.servletapi.HttpServlet3RequestFactory$Servlet3SecurityContextHolderAwareRequestWrapper cannot be cast to class org.apache.catalina.connector.RequestFacade (org.springframework.security.web.servletapi.HttpServlet3RequestFactory$Servlet3SecurityContextHolderAwareRequestWrapper and org.apache.catalina.connector.RequestFacade are in unnamed module of loader 'app')> (0x000000074a11f038) 
thrown [./open/src/ho
Event: 149656.523 Thread 0x00000223fa8dd800 Exception <a 'java/lang/ClassCastException'{0x0000000745b10438}: class org.springframework.security.web.servletapi.HttpServlet3RequestFactory$Servlet3SecurityContextHolderAwareRequestWrapper cannot be cast to class org.apache.catalina.connector.RequestFacade (org.springframework.security.web.servletapi.HttpServlet3RequestFactory$Servlet3SecurityContextHolderAwareRequestWrapper and org.apache.catalina.connector.RequestFacade are in unnamed module of loader 'app')> (0x0000000745b10438) 
thrown [./open/src/ho
Event: 150376.793 Thread 0x00000223fa813800 Exception <a 'java/lang/ClassCastException'{0x000000074bf223a0}: class org.springframework.security.web.servletapi.HttpServlet3RequestFactory$Servlet3SecurityContextHolderAwareRequestWrapper cannot be cast to class org.apache.catalina.connector.RequestFacade (org.springframework.security.web.servletapi.HttpServlet3RequestFactory$Servlet3SecurityContextHolderAwareRequestWrapper and org.apache.catalina.connector.RequestFacade are in unnamed module of loader 'app')> (0x000000074bf223a0) 
thrown [./open/src/ho
Event: 150436.718 Thread 0x00000223fa8dd800 Exception <a 'java/lang/ClassCastException'{0x00000007454c01b8}: class org.springframework.security.web.servletapi.HttpServlet3RequestFactory$Servlet3SecurityContextHolderAwareRequestWrapper cannot be cast to class org.apache.catalina.connector.RequestFacade (org.springframework.security.web.servletapi.HttpServlet3RequestFactory$Servlet3SecurityContextHolderAwareRequestWrapper and org.apache.catalina.connector.RequestFacade are in unnamed module of loader 'app')> (0x00000007454c01b8) 
thrown [./open/src/ho
Event: 151157.033 Thread 0x00000223fa8dd800 Exception <a 'java/lang/ClassCastException'{0x000000074569e7a8}: class org.springframework.security.web.servletapi.HttpServlet3RequestFactory$Servlet3SecurityContextHolderAwareRequestWrapper cannot be cast to class org.apache.catalina.connector.RequestFacade (org.springframework.security.web.servletapi.HttpServlet3RequestFactory$Servlet3SecurityContextHolderAwareRequestWrapper and org.apache.catalina.connector.RequestFacade are in unnamed module of loader 'app')> (0x000000074569e7a8) 
thrown [./open/src/ho
Event: 151456.716 Thread 0x00000223fa2f6000 Exception <a 'java/lang/ClassCastException'{0x000000074be72538}: class org.springframework.security.web.servletapi.HttpServlet3RequestFactory$Servlet3SecurityContextHolderAwareRequestWrapper cannot be cast to class org.apache.catalina.connector.RequestFacade (org.springframework.security.web.servletapi.HttpServlet3RequestFactory$Servlet3SecurityContextHolderAwareRequestWrapper and org.apache.catalina.connector.RequestFacade are in unnamed module of loader 'app')> (0x000000074be72538) 
thrown [./open/src/ho
Event: 152236.689 Thread 0x00000223fa8e3000 Exception <a 'java/lang/ClassCastException'{0x000000074a035c98}: class org.springframework.security.web.servletapi.HttpServlet3RequestFactory$Servlet3SecurityContextHolderAwareRequestWrapper cannot be cast to class org.apache.catalina.connector.RequestFacade (org.springframework.security.web.servletapi.HttpServlet3RequestFactory$Servlet3SecurityContextHolderAwareRequestWrapper and org.apache.catalina.connector.RequestFacade are in unnamed module of loader 'app')> (0x000000074a035c98) 
thrown [./open/src/ho
Event: 152296.927 Thread 0x00000223f9566800 Exception <a 'java/lang/ClassCastException'{0x000000074a0014b0}: class org.springframework.security.web.servletapi.HttpServlet3RequestFactory$Servlet3SecurityContextHolderAwareRequestWrapper cannot be cast to class org.apache.catalina.connector.RequestFacade (org.springframework.security.web.servletapi.HttpServlet3RequestFactory$Servlet3SecurityContextHolderAwareRequestWrapper and org.apache.catalina.connector.RequestFacade are in unnamed module of loader 'app')> (0x000000074a0014b0) 
thrown [./open/src/ho
Event: 153016.641 Thread 0x00000223fa813800 Exception <a 'java/lang/ClassCastException'{0x000000074a031310}: class org.springframework.security.web.servletapi.HttpServlet3RequestFactory$Servlet3SecurityContextHolderAwareRequestWrapper cannot be cast to class org.apache.catalina.connector.RequestFacade (org.springframework.security.web.servletapi.HttpServlet3RequestFactory$Servlet3SecurityContextHolderAwareRequestWrapper and org.apache.catalina.connector.RequestFacade are in unnamed module of loader 'app')> (0x000000074a031310) 
thrown [./open/src/ho
Event: 153256.952 Thread 0x00000223f9e90800 Exception <a 'java/lang/ClassCastException'{0x000000074a077710}: class org.springframework.security.web.servletapi.HttpServlet3RequestFactory$Servlet3SecurityContextHolderAwareRequestWrapper cannot be cast to class org.apache.catalina.connector.RequestFacade (org.springframework.security.web.servletapi.HttpServlet3RequestFactory$Servlet3SecurityContextHolderAwareRequestWrapper and org.apache.catalina.connector.RequestFacade are in unnamed module of loader 'app')> (0x000000074a077710) 
thrown [./open/src/ho
Event: 154096.590 Thread 0x00000223fa8e3000 Exception <a 'java/lang/ClassCastException'{0x00000007453f4f30}: class org.springframework.security.web.servletapi.HttpServlet3RequestFactory$Servlet3SecurityContextHolderAwareRequestWrapper cannot be cast to class org.apache.catalina.connector.RequestFacade (org.springframework.security.web.servletapi.HttpServlet3RequestFactory$Servlet3SecurityContextHolderAwareRequestWrapper and org.apache.catalina.connector.RequestFacade are in unnamed module of loader 'app')> (0x00000007453f4f30) 
thrown [./open/src/ho
Event: 154156.607 Thread 0x00000223f9566800 Exception <a 'java/lang/ClassCastException'{0x000000074533cf40}: class org.springframework.security.web.servletapi.HttpServlet3RequestFactory$Servlet3SecurityContextHolderAwareRequestWrapper cannot be cast to class org.apache.catalina.connector.RequestFacade (org.springframework.security.web.servletapi.HttpServlet3RequestFactory$Servlet3SecurityContextHolderAwareRequestWrapper and org.apache.catalina.connector.RequestFacade are in unnamed module of loader 'app')> (0x000000074533cf40) 
thrown [./open/src/ho
Event: 154816.814 Thread 0x00000223f4a04000 Exception <a 'java/lang/ClassCastException'{0x0000000745bbec70}: class org.springframework.security.web.servletapi.HttpServlet3RequestFactory$Servlet3SecurityContextHolderAwareRequestWrapper cannot be cast to class org.apache.catalina.connector.RequestFacade (org.springframework.security.web.servletapi.HttpServlet3RequestFactory$Servlet3SecurityContextHolderAwareRequestWrapper and org.apache.catalina.connector.RequestFacade are in unnamed module of loader 'app')> (0x0000000745bbec70) 
thrown [./open/src/ho
Event: 155116.508 Thread 0x00000223f9e90800 Exception <a 'java/lang/ClassCastException'{0x00000007459583a8}: class org.springframework.security.web.servletapi.HttpServlet3RequestFactory$Servlet3SecurityContextHolderAwareRequestWrapper cannot be cast to class org.apache.catalina.connector.RequestFacade (org.springframework.security.web.servletapi.HttpServlet3RequestFactory$Servlet3SecurityContextHolderAwareRequestWrapper and org.apache.catalina.connector.RequestFacade are in unnamed module of loader 'app')> (0x00000007459583a8) 
thrown [./open/src/ho
Event: 155958.045 Thread 0x00000223fa2f7000 Exception <a 'java/lang/ClassCastException'{0x000000074587c388}: class org.springframework.security.web.servletapi.HttpServlet3RequestFactory$Servlet3SecurityContextHolderAwareRequestWrapper cannot be cast to class org.apache.catalina.connector.RequestFacade (org.springframework.security.web.servletapi.HttpServlet3RequestFactory$Servlet3SecurityContextHolderAwareRequestWrapper and org.apache.catalina.connector.RequestFacade are in unnamed module of loader 'app')> (0x000000074587c388) 
thrown [./open/src/ho
Event: 155958.108 Thread 0x00000223fa8dd800 Exception <a 'java/lang/ClassCastException'{0x0000000745704dc8}: class org.springframework.security.web.servletapi.HttpServlet3RequestFactory$Servlet3SecurityContextHolderAwareRequestWrapper cannot be cast to class org.apache.catalina.connector.RequestFacade (org.springframework.security.web.servletapi.HttpServlet3RequestFactory$Servlet3SecurityContextHolderAwareRequestWrapper and org.apache.catalina.connector.RequestFacade are in unnamed module of loader 'app')> (0x0000000745704dc8) 
thrown [./open/src/ho
Event: 156676.684 Thread 0x00000223f4a04000 Exception <a 'java/lang/ClassCastException'{0x00000007455338c8}: class org.springframework.security.web.servletapi.HttpServlet3RequestFactory$Servlet3SecurityContextHolderAwareRequestWrapper cannot be cast to class org.apache.catalina.connector.RequestFacade (org.springframework.security.web.servletapi.HttpServlet3RequestFactory$Servlet3SecurityContextHolderAwareRequestWrapper and org.apache.catalina.connector.RequestFacade are in unnamed module of loader 'app')> (0x00000007455338c8) 
thrown [./open/src/ho
Event: 156916.788 Thread 0x00000223fa2fa000 Exception <a 'java/lang/ClassCastException'{0x0000000745480ea8}: class org.springframework.security.web.servletapi.HttpServlet3RequestFactory$Servlet3SecurityContextHolderAwareRequestWrapper cannot be cast to class org.apache.catalina.connector.RequestFacade (org.springframework.security.web.servletapi.HttpServlet3RequestFactory$Servlet3SecurityContextHolderAwareRequestWrapper and org.apache.catalina.connector.RequestFacade are in unnamed module of loader 'app')> (0x0000000745480ea8) 
thrown [./open/src/ho

Events (20 events):
Event: 157307.127 Executing VM operation: G1CollectForAllocation done
Event: 157309.378 Thread 0x00000223fa814000 Thread added: 0x00000223fa814000
Event: 157309.383 Thread 0x00000223fa80e800 Thread added: 0x00000223fa80e800
Event: 157309.386 Thread 0x00000223fa817800 Thread added: 0x00000223fa817800
Event: 157309.387 Thread 0x00000223fa815000 Thread added: 0x00000223fa815000
Event: 157309.389 Thread 0x00000223fa819000 Thread added: 0x00000223fa819000
Event: 157309.391 Thread 0x00000223fa2f7800 Thread added: 0x00000223fa2f7800
Event: 157309.391 Thread 0x00000223fa2f8800 Thread added: 0x00000223fa2f8800
Event: 157309.392 Thread 0x00000223fa2f9800 Thread added: 0x00000223fa2f9800
Event: 157309.392 Thread 0x00000223fa2f3800 Thread added: 0x00000223fa2f3800
Event: 157309.393 Thread 0x00000223fa300800 Thread added: 0x00000223fa300800
Event: 157309.395 Executing VM operation: HandshakeOneThread
Event: 157309.395 Thread 0x00000223f4a03800 Thread added: 0x00000223f4a03800
Event: 157309.396 Executing VM operation: HandshakeOneThread done
Event: 157309.397 Thread 0x00000223f4a08800 Thread added: 0x00000223f4a08800
Event: 157309.437 Thread 0x00000223f4a06800 Thread added: 0x00000223f4a06800
Event: 157309.443 Thread 0x00000223f8969000 Thread added: 0x00000223f8969000
Event: 157309.443 Executing VM operation: HandshakeOneThread
Event: 157309.444 Executing VM operation: HandshakeOneThread done
Event: 157309.444 Executing VM operation: BulkRevokeBias


Dynamic libraries:
0x00007ff6f4d20000 - 0x00007ff6f4d2d000 	D:\spring-tool-suite-4-4.8.0.RELEASE-e4.17.0-win32.win32.x86_64.self-extracting\contents\sts-4.8.0.RELEASE\plugins\org.eclipse.justj.openjdk.hotspot.jre.full.win32.x86_64_14.0.2.v20200815-0932\jre\bin\javaw.exe
0x00007ffe54190000 - 0x00007ffe54386000 	C:\WINDOWS\SYSTEM32\ntdll.dll
0x00007ffe524b0000 - 0x00007ffe5256d000 	C:\WINDOWS\System32\KERNEL32.DLL
0x00007ffe51e80000 - 0x00007ffe52149000 	C:\WINDOWS\System32\KERNELBASE.dll
0x00007ffe51d30000 - 0x00007ffe51e30000 	C:\WINDOWS\System32\ucrtbase.dll
0x00007ffe48900000 - 0x00007ffe48918000 	D:\spring-tool-suite-4-4.8.0.RELEASE-e4.17.0-win32.win32.x86_64.self-extracting\contents\sts-4.8.0.RELEASE\plugins\org.eclipse.justj.openjdk.hotspot.jre.full.win32.x86_64_14.0.2.v20200815-0932\jre\bin\jli.dll
0x00007ffe53aa0000 - 0x00007ffe53c40000 	C:\WINDOWS\System32\USER32.dll
0x00007ffe51c50000 - 0x00007ffe51c72000 	C:\WINDOWS\System32\win32u.dll
0x00007ffe52890000 - 0x00007ffe528ba000 	C:\WINDOWS\System32\GDI32.dll
0x00007ffe51980000 - 0x00007ffe51a8b000 	C:\WINDOWS\System32\gdi32full.dll
0x00007ffe43c70000 - 0x00007ffe43c85000 	D:\spring-tool-suite-4-4.8.0.RELEASE-e4.17.0-win32.win32.x86_64.self-extracting\contents\sts-4.8.0.RELEASE\plugins\org.eclipse.justj.openjdk.hotspot.jre.full.win32.x86_64_14.0.2.v20200815-0932\jre\bin\VCRUNTIME140.dll
0x00007ffe52150000 - 0x00007ffe521ed000 	C:\WINDOWS\System32\msvcp_win.dll
0x00007ffe3db40000 - 0x00007ffe3dddb000 	C:\WINDOWS\WinSxS\amd64_microsoft.windows.common-controls_6595b64144ccf1df_6.0.19041.746_none_ca02b4b61b8320a4\COMCTL32.dll
0x00007ffe52620000 - 0x00007ffe526be000 	C:\WINDOWS\System32\msvcrt.dll
0x00007ffe52860000 - 0x00007ffe52890000 	C:\WINDOWS\System32\IMM32.DLL
0x00007ffe2f2d0000 - 0x00007ffe2f36b000 	D:\spring-tool-suite-4-4.8.0.RELEASE-e4.17.0-win32.win32.x86_64.self-extracting\contents\sts-4.8.0.RELEASE\plugins\org.eclipse.justj.openjdk.hotspot.jre.full.win32.x86_64_14.0.2.v20200815-0932\jre\bin\msvcp140.dll
0x00007ffe26d30000 - 0x00007ffe2784e000 	D:\spring-tool-suite-4-4.8.0.RELEASE-e4.17.0-win32.win32.x86_64.self-extracting\contents\sts-4.8.0.RELEASE\plugins\org.eclipse.justj.openjdk.hotspot.jre.full.win32.x86_64_14.0.2.v20200815-0932\jre\bin\server\jvm.dll
0x00007ffe52570000 - 0x00007ffe5261c000 	C:\WINDOWS\System32\ADVAPI32.dll
0x00007ffe53a00000 - 0x00007ffe53a9c000 	C:\WINDOWS\System32\sechost.dll
0x00007ffe53f00000 - 0x00007ffe5402b000 	C:\WINDOWS\System32\RPCRT4.dll
0x00007ffe53cd0000 - 0x00007ffe53cd8000 	C:\WINDOWS\System32\PSAPI.DLL
0x00007ffe46bc0000 - 0x00007ffe46bc9000 	C:\WINDOWS\SYSTEM32\WSOCK32.dll
0x00007ffe46be0000 - 0x00007ffe46c07000 	C:\WINDOWS\SYSTEM32\WINMM.dll
0x00007ffe52c20000 - 0x00007ffe52c8b000 	C:\WINDOWS\System32\WS2_32.dll
0x00007ffe49b00000 - 0x00007ffe49b0a000 	C:\WINDOWS\SYSTEM32\VERSION.dll
0x00007ffe4f760000 - 0x00007ffe4f772000 	C:\WINDOWS\SYSTEM32\kernel.appcore.dll
0x00007ffe48c30000 - 0x00007ffe48c3a000 	D:\spring-tool-suite-4-4.8.0.RELEASE-e4.17.0-win32.win32.x86_64.self-extracting\contents\sts-4.8.0.RELEASE\plugins\org.eclipse.justj.openjdk.hotspot.jre.full.win32.x86_64_14.0.2.v20200815-0932\jre\bin\jimage.dll
0x00007ffe44930000 - 0x00007ffe44b14000 	C:\WINDOWS\SYSTEM32\DBGHELP.DLL
0x00007ffe463d0000 - 0x00007ffe463fc000 	C:\WINDOWS\SYSTEM32\dbgcore.DLL
0x00007ffe51cb0000 - 0x00007ffe51d30000 	C:\WINDOWS\System32\bcryptPrimitives.dll
0x00007ffe48840000 - 0x00007ffe48865000 	D:\spring-tool-suite-4-4.8.0.RELEASE-e4.17.0-win32.win32.x86_64.self-extracting\contents\sts-4.8.0.RELEASE\plugins\org.eclipse.justj.openjdk.hotspot.jre.full.win32.x86_64_14.0.2.v20200815-0932\jre\bin\java.dll
0x00007ffe485c0000 - 0x00007ffe485d6000 	D:\spring-tool-suite-4-4.8.0.RELEASE-e4.17.0-win32.win32.x86_64.self-extracting\contents\sts-4.8.0.RELEASE\plugins\org.eclipse.justj.openjdk.hotspot.jre.full.win32.x86_64_14.0.2.v20200815-0932\jre\bin\zip.dll
0x00007ffe52c90000 - 0x00007ffe533d2000 	C:\WINDOWS\System32\SHELL32.dll
0x00007ffe4fa40000 - 0x00007ffe501d0000 	C:\WINDOWS\SYSTEM32\windows.storage.dll
0x00007ffe528c0000 - 0x00007ffe52c16000 	C:\WINDOWS\System32\combase.dll
0x00007ffe512c0000 - 0x00007ffe512ec000 	C:\WINDOWS\SYSTEM32\Wldp.dll
0x00007ffe527a0000 - 0x00007ffe5284e000 	C:\WINDOWS\System32\SHCORE.dll
0x00007ffe52450000 - 0x00007ffe524a5000 	C:\WINDOWS\System32\shlwapi.dll
0x00007ffe51800000 - 0x00007ffe51826000 	C:\WINDOWS\SYSTEM32\profapi.dll
0x00007ffe44850000 - 0x00007ffe44869000 	D:\spring-tool-suite-4-4.8.0.RELEASE-e4.17.0-win32.win32.x86_64.self-extracting\contents\sts-4.8.0.RELEASE\plugins\org.eclipse.justj.openjdk.hotspot.jre.full.win32.x86_64_14.0.2.v20200815-0932\jre\bin\net.dll
0x00007ffe48d20000 - 0x00007ffe48e20000 	C:\WINDOWS\SYSTEM32\WINHTTP.dll
0x00007ffe51040000 - 0x00007ffe510aa000 	C:\WINDOWS\system32\mswsock.dll
0x00007ffe44830000 - 0x00007ffe44842000 	D:\spring-tool-suite-4-4.8.0.RELEASE-e4.17.0-win32.win32.x86_64.self-extracting\contents\sts-4.8.0.RELEASE\plugins\org.eclipse.justj.openjdk.hotspot.jre.full.win32.x86_64_14.0.2.v20200815-0932\jre\bin\nio.dll
0x00007ffe48670000 - 0x00007ffe48679000 	D:\spring-tool-suite-4-4.8.0.RELEASE-e4.17.0-win32.win32.x86_64.self-extracting\contents\sts-4.8.0.RELEASE\plugins\org.eclipse.justj.openjdk.hotspot.jre.full.win32.x86_64_14.0.2.v20200815-0932\jre\bin\management.dll
0x00007ffe45d00000 - 0x00007ffe45d0b000 	D:\spring-tool-suite-4-4.8.0.RELEASE-e4.17.0-win32.win32.x86_64.self-extracting\contents\sts-4.8.0.RELEASE\plugins\org.eclipse.justj.openjdk.hotspot.jre.full.win32.x86_64_14.0.2.v20200815-0932\jre\bin\management_ext.dll
0x00007ffe46390000 - 0x00007ffe463a7000 	C:\WINDOWS\system32\napinsp.dll
0x00007ffe46370000 - 0x00007ffe4638b000 	C:\WINDOWS\system32\pnrpnsp.dll
0x00007ffe44690000 - 0x00007ffe446a5000 	C:\WINDOWS\system32\wshbth.dll
0x00007ffe4d750000 - 0x00007ffe4d76d000 	C:\WINDOWS\system32\NLAapi.dll
0x00007ffe50d30000 - 0x00007ffe50d6b000 	C:\WINDOWS\SYSTEM32\IPHLPAPI.DLL
0x00007ffe50d70000 - 0x00007ffe50e3b000 	C:\WINDOWS\SYSTEM32\DNSAPI.dll
0x00007ffe53c60000 - 0x00007ffe53c68000 	C:\WINDOWS\System32\NSI.dll
0x00007ffe44670000 - 0x00007ffe44682000 	C:\WINDOWS\System32\winrnr.dll
0x00007ffe48c40000 - 0x00007ffe48c4a000 	C:\Windows\System32\rasadhlp.dll
0x00007ffe48af0000 - 0x00007ffe48b6f000 	C:\WINDOWS\System32\fwpuclnt.dll
0x00007ffe51c80000 - 0x00007ffe51ca7000 	C:\WINDOWS\System32\bcrypt.dll
0x00007ffe51220000 - 0x00007ffe51238000 	C:\WINDOWS\SYSTEM32\CRYPTSP.dll
0x00007ffe509e0000 - 0x00007ffe50a14000 	C:\WINDOWS\system32\rsaenh.dll
0x00007ffe517c0000 - 0x00007ffe517ee000 	C:\WINDOWS\SYSTEM32\USERENV.dll
0x00007ffe51210000 - 0x00007ffe5121c000 	C:\WINDOWS\SYSTEM32\CRYPTBASE.dll
0x00007ffe49fb0000 - 0x00007ffe49fc7000 	C:\WINDOWS\SYSTEM32\dhcpcsvc6.DLL
0x00007ffe49f90000 - 0x00007ffe49fad000 	C:\WINDOWS\SYSTEM32\dhcpcsvc.DLL
0x00007ffe42610000 - 0x00007ffe42635000 	D:\spring-tool-suite-4-4.8.0.RELEASE-e4.17.0-win32.win32.x86_64.self-extracting\contents\sts-4.8.0.RELEASE\plugins\org.eclipse.justj.openjdk.hotspot.jre.full.win32.x86_64_14.0.2.v20200815-0932\jre\bin\sunec.dll
0x00007ffe447e0000 - 0x00007ffe447ee000 	D:\spring-tool-suite-4-4.8.0.RELEASE-e4.17.0-win32.win32.x86_64.self-extracting\contents\sts-4.8.0.RELEASE\plugins\org.eclipse.justj.openjdk.hotspot.jre.full.win32.x86_64_14.0.2.v20200815-0932\jre\bin\sunmscapi.dll
0x00007ffe51af0000 - 0x00007ffe51c46000 	C:\WINDOWS\System32\CRYPT32.dll
0x00007ffe51330000 - 0x00007ffe51357000 	C:\WINDOWS\SYSTEM32\ncrypt.dll
0x00007ffe512f0000 - 0x00007ffe5132b000 	C:\WINDOWS\SYSTEM32\NTASN1.dll
0x00007ffe3c1b0000 - 0x00007ffe3c1f1000 	C:\Users\Chinmayc\AppData\Local\Temp\jna-1726270216\jna5850371536072740061.dll
0x00007ffe53ce0000 - 0x00007ffe53e0a000 	C:\WINDOWS\System32\Ole32.dll
0x00007ffe523a0000 - 0x00007ffe52449000 	C:\WINDOWS\System32\clbcatq.dll
0x00007ffe534c0000 - 0x00007ffe5358d000 	C:\WINDOWS\System32\OleAut32.dll
0x00007ffe43880000 - 0x00007ffe43899000 	C:\WINDOWS\SYSTEM32\amsi.dll
0x00007ffe44760000 - 0x00007ffe447db000 	C:\ProgramData\Microsoft\Windows Defender\platform\4.18.2101.9-0\MpOav.dll
0x00007ffe3bd90000 - 0x00007ffe3bd9f000 	C:\WINDOWS\System32\perfproc.dll
0x00007ffe4d2a0000 - 0x00007ffe4d2b4000 	C:\WINDOWS\SYSTEM32\Wtsapi32.dll
0x00007ffe50710000 - 0x00007ffe5076a000 	C:\WINDOWS\SYSTEM32\WINSTA.dll

dbghelp: loaded successfully - version: 4.0.5 - missing functions: none
symbol engine: initialized successfully - sym options: 0x614 - pdb path: .;D:\spring-tool-suite-4-4.8.0.RELEASE-e4.17.0-win32.win32.x86_64.self-extracting\contents\sts-4.8.0.RELEASE\plugins\org.eclipse.justj.openjdk.hotspot.jre.full.win32.x86_64_14.0.2.v20200815-0932\jre\bin;C:\WINDOWS\SYSTEM32;C:\WINDOWS\WinSxS\amd64_microsoft.windows.common-controls_6595b64144ccf1df_6.0.19041.746_none_ca02b4b61b8320a4;D:\spring-tool-suite-4-4.8.0.RELEASE-e4.17.0-win32.win32.x86_64.self-extracting\contents\sts-4.8.0.RELEASE\plugins\org.eclipse.justj.openjdk.hotspot.jre.full.win32.x86_64_14.0.2.v20200815-0932\jre\bin\server;C:\Users\Chinmayc\AppData\Local\Temp\jna-1726270216;C:\WINDOWS\system32\wbem;C:\ProgramData\Microsoft\Windows Defender\platform\4.18.2101.9-0

VM Arguments:
jvm_args: -Dcom.sun.management.jmxremote -Dcom.sun.management.jmxremote.port=52032 -Dcom.sun.management.jmxremote.authenticate=false -Dcom.sun.management.jmxremote.ssl=false -Djava.rmi.server.hostname=localhost -Dspring.jmx.enabled=true -Dspring.application.admin.enabled=true -Xverify:none -XX:TieredStopAtLevel=1 -Dspring.boot.project.name=magicmonitor -Dfile.encoding=UTF-8 -XX:+ShowCodeDetailsInExceptionMessages 
java_command: com.magicsoftware.monitor.MagicmonitorApplication --spring.output.ansi.enabled=always
java_class_path (initial): D:\Git\MagicMonitorRestServices\target\classes;C:\Users\Chinmayc\.m2\repository\org\springframework\boot\spring-boot-starter-data-jdbc\2.2.5.RELEASE\spring-boot-starter-data-jdbc-2.2.5.RELEASE.jar;C:\Users\Chinmayc\.m2\repository\org\springframework\boot\spring-boot-starter-jdbc\2.2.5.RELEASE\spring-boot-starter-jdbc-2.2.5.RELEASE.jar;C:\Users\Chinmayc\.m2\repository\com\zaxxer\HikariCP\3.4.2\HikariCP-3.4.2.jar;C:\Users\Chinmayc\.m2\repository\org\springframework\spring-jdbc\5.2.4.RELEASE\spring-jdbc-5.2.4.RELEASE.jar;C:\Users\Chinmayc\.m2\repository\org\springframework\data\spring-data-jdbc\1.1.5.RELEASE\spring-data-jdbc-1.1.5.RELEASE.jar;C:\Users\Chinmayc\.m2\repository\org\springframework\data\spring-data-relational\1.1.5.RELEASE\spring-data-relational-1.1.5.RELEASE.jar;C:\Users\Chinmayc\.m2\repository\org\springframework\data\spring-data-commons\2.2.5.RELEASE\spring-data-commons-2.2.5.RELEASE.jar;C:\Users\Chinmayc\.m2\repository\org\springframework\boot\spring-boot-starter-data-jpa\2.2.5.RELEASE\spring-boot-starter-data-jpa-2.2.5.RELEASE.jar;C:\Users\Chinmayc\.m2\repository\org\springframework\boot\spring-boot-starter-aop\2.2.5.RELEASE\spring-boot-starter-aop-2.2.5.RELEASE.jar;C:\Users\Chinmayc\.m2\repository\org\aspectj\aspectjweaver\1.9.5\aspectjweaver-1.9.5.jar;C:\Users\Chinmayc\.m2\repository\jakarta\activation\jakarta.activation-api\1.2.2\jakarta.activation-api-1.2.2.jar;C:\Users\Chinmayc\.m2\repository\jakarta\persistence\jakarta.persistence-api\2.2.3\jakarta.persistence-api-2.2.3.jar;C:\Users\Chinmayc\.m2\repository\jakarta\transaction\jakarta.transaction-api\1.3.3\jakarta.transaction-api-1.3.3.jar;C:\Users\Chinmayc\.m2\repository\org\hibernate\hibernate-core\5.4.12.Final\hibernate-core-5.4.12.Final.jar;C:\Users\Chinmayc\.m2\repository\org\jboss\logging\jboss-logging\3.4.1.Final\jboss-logging-3.4.1.Final.jar;C:\Users\Chinmayc\.m2\repository\org\javassist\javassist\3.24.0-GA\javassist-3.24.0-GA.jar;C:\Users\Chinmayc\.m2\reposit
Launcher Type: SUN_STANDARD

[Global flags]
     intx CICompilerCount                          = 3                                         {product} {ergonomic}
     uint ConcGCThreads                            = 1                                         {product} {ergonomic}
     uint G1ConcRefinementThreads                  = 4                                         {product} {ergonomic}
   size_t G1HeapRegionSize                         = 1048576                                   {product} {ergonomic}
    uintx GCDrainStackTargetSize                   = 64                                        {product} {ergonomic}
   size_t InitialHeapSize                          = 201326592                                 {product} {ergonomic}
     bool ManagementServer                         = true                                      {product} {command line}
   size_t MarkStackSize                            = 4194304                                   {product} {ergonomic}
   size_t MaxHeapSize                              = 3221225472                                {product} {ergonomic}
   size_t MaxNewSize                               = 1932525568                                {product} {ergonomic}
   size_t MinHeapDeltaBytes                        = 1048576                                   {product} {ergonomic}
   size_t MinHeapSize                              = 8388608                                   {product} {ergonomic}
    uintx NonNMethodCodeHeapSize                   = 6973028                                {pd product} {ergonomic}
    uintx NonProfiledCodeHeapSize                  = 244685212                              {pd product} {ergonomic}
    uintx ProfiledCodeHeapSize                     = 0                                      {pd product} {ergonomic}
    uintx ReservedCodeCacheSize                    = 251658240                              {pd product} {ergonomic}
     bool SegmentedCodeCache                       = true                                      {product} {ergonomic}
     bool ShowCodeDetailsInExceptionMessages       = true                                   {manageable} {command line}
   size_t SoftMaxHeapSize                          = 3221225472                             {manageable} {ergonomic}
     intx TieredStopAtLevel                        = 1                                         {product} {command line}
     bool UseCompressedClassPointers               = true                                 {lp64_product} {ergonomic}
     bool UseCompressedOops                        = true                                 {lp64_product} {ergonomic}
     bool UseG1GC                                  = true                                      {product} {ergonomic}
     bool UseLargePagesIndividualAllocation        = false                                  {pd product} {ergonomic}

Logging:
Log output configuration:
 #0: stdout all=warning uptime,level,tags
 #1: stderr all=off uptime,level,tags

Environment Variables:
JAVA_HOME=C:\Program Files\Java\jdk1.8.0_281
PATH=D:/spring-tool-suite-4-4.8.0.RELEASE-e4.17.0-win32.win32.x86_64.self-extracting/contents/sts-4.8.0.RELEASE//plugins/org.eclipse.justj.openjdk.hotspot.jre.full.win32.x86_64_14.0.2.v20200815-0932/jre/bin/server;D:/spring-tool-suite-4-4.8.0.RELEASE-e4.17.0-win32.win32.x86_64.self-extracting/contents/sts-4.8.0.RELEASE//plugins/org.eclipse.justj.openjdk.hotspot.jre.full.win32.x86_64_14.0.2.v20200815-0932/jre/bin;C:\Program Files\Java\jdk1.8.0_281\bin;C:\Program Files (x86)\Common Files\Oracle\Java\javapath;C:\Python39\Scripts\;C:\Python39\;C:\WINDOWS\system32;C:\WINDOWS;C:\WINDOWS\System32\Wbem;C:\WINDOWS\System32\WindowsPowerShell\v1.0\;C:\WINDOWS\System32\OpenSSH\;C:\Magic xpi 4.13\Runtime\jdk8x86\Bin;C:\Magic xpi 4.13\Studio\Extensions\Application;C:\Program Files\Git\cmd;C:\Program Files\nodejs\;C:\ProgramData\chocolatey\bin;C:\Program Files\apache-maven-3.6.3\bin;C:\Program Files (x86)\Microsoft SQL Server\150\DTS\Binn\;C:\Program Files\Azure Data Studio\bin;C:\Users\Chinmayc\AppData\Local\Microsoft\WindowsApps;C:\Users\Chinmayc\AppData\Roaming\npm;C:\Users\Chinmayc\AppData\Local\Programs\Microsoft VS Code\bin;C:\Program Files\Azure Data Studio\bin;;D:\spring-tool-suite-4-4.8.0.RELEASE-e4.17.0-win32.win32.x86_64.self-extracting\contents\sts-4.8.0.RELEASE;
USERNAME=Chinmayc
OS=Windows_NT
PROCESSOR_IDENTIFIER=Intel64 Family 6 Model 45 Stepping 2, GenuineIntel



---------------  S Y S T E M  ---------------

OS: Windows 10 , 64 bit Build 19041 (10.0.19041.804)
OS uptime: 4 days 17:21 hours
VMWare virtualization detected

CPU:total 4 (initial active 4) (4 cores per cpu, 1 threads per core) family 6 model 45 stepping 2, cmov, cx8, fxsr, mmx, sse, sse2, sse3, ssse3, sse4.1, sse4.2, popcnt, avx, aes, clmul, tsc, tscinvbit, tscinv

Memory: 4k page, system-wide physical 12287M (656M free)
TotalPageFile size 19898M (AvailPageFile size 3M)
current process WorkingSet (physical memory assigned to process): 214M, peak: 300M
current process commit charge ("private bytes"): 363M, peak: 365M

vm_info: OpenJDK 64-Bit Server VM (14.0.2+12-46) for windows-amd64 JRE (14.0.2+12-46), built on Jul  9 2020 00:31:16 by "mach5one" with MS VC++ 15.9 (VS2017)

END.
